SF:/home/tsk/sync/git/lsp_mcp/src/config/mod.rs
FN:334,_RINvMs3_NtCsbzaEwEzTUoA_11context_mcp6configNtB6_12ServerConfig12save_defaultRNtNtCsbybZoRqqfIL_3std4path7PathBufEB8_
FN:306,_RINvMs3_NtCsbzaEwEzTUoA_11context_mcp6configNtB6_12ServerConfig9from_fileRNtNtCsbybZoRqqfIL_3std4path7PathBufEB8_
FN:306,_RINvMs3_NtCsbzaEwEzTUoA_11context_mcp6configNtB6_12ServerConfig9from_fileReEB8_
FN:340,_RNCINvMs3_NtCsbzaEwEzTUoA_11context_mcp6configNtB8_12ServerConfig12save_defaultRNtNtCsbybZoRqqfIL_3std4path7PathBufE0Ba_
FN:343,_RNCINvMs3_NtCsbzaEwEzTUoA_11context_mcp6configNtB8_12ServerConfig12save_defaultRNtNtCsbybZoRqqfIL_3std4path7PathBufEs_0Ba_
FN:316,_RNCINvMs3_NtCsbzaEwEzTUoA_11context_mcp6configNtB8_12ServerConfig9from_fileRNtNtCsbybZoRqqfIL_3std4path7PathBufE0Ba_
FN:319,_RNCINvMs3_NtCsbzaEwEzTUoA_11context_mcp6configNtB8_12ServerConfig9from_fileRNtNtCsbybZoRqqfIL_3std4path7PathBufEs_0Ba_
FN:316,_RNCINvMs3_NtCsbzaEwEzTUoA_11context_mcp6configNtB8_12ServerConfig9from_fileReE0Ba_
FN:319,_RNCINvMs3_NtCsbzaEwEzTUoA_11context_mcp6configNtB8_12ServerConfig9from_fileReEs_0Ba_
FN:180,_RNCNvNtCsbzaEwEzTUoA_11context_mcp6config18default_model_path0B5_
FN:200,_RNCNvNtCsbzaEwEzTUoA_11context_mcp6config20default_bm25_db_path0B5_
FN:171,_RNCNvNtCsbzaEwEzTUoA_11context_mcp6config22default_milvus_address0B5_
FN:186,_RNCNvNtCsbzaEwEzTUoA_11context_mcp6config22default_tokenizer_path0B5_
FN:375,_RNvMs3_NtCsbzaEwEzTUoA_11context_mcp6configNtB5_12ServerConfig19apply_env_overrides
FN:461,_RNvMs3_NtCsbzaEwEzTUoA_11context_mcp6configNtB5_12ServerConfig7summary
FN:403,_RNvMs3_NtCsbzaEwEzTUoA_11context_mcp6configNtB5_12ServerConfig8validate
FN:228,_RNvNtCsbzaEwEzTUoA_11context_mcp6config13default_alpha
FN:208,_RNvNtCsbzaEwEzTUoA_11context_mcp6config14default_bm25_b
FN:204,_RNvNtCsbzaEwEzTUoA_11context_mcp6config15default_bm25_k1
FN:224,_RNvNtCsbzaEwEzTUoA_11context_mcp6config17default_dimension
FN:174,_RNvNtCsbzaEwEzTUoA_11context_mcp6config17default_shard_num
FN:236,_RNvNtCsbzaEwEzTUoA_11context_mcp6config18default_bm25_top_k
FN:190,_RNvNtCsbzaEwEzTUoA_11context_mcp6config18default_max_length
FN:178,_RNvNtCsbzaEwEzTUoA_11context_mcp6config18default_model_path
FN:198,_RNvNtCsbzaEwEzTUoA_11context_mcp6config20default_bm25_db_path
FN:216,_RNvNtCsbzaEwEzTUoA_11context_mcp6config20default_max_parallel
FN:240,_RNvNtCsbzaEwEzTUoA_11context_mcp6config20default_vector_top_k
FN:232,_RNvNtCsbzaEwEzTUoA_11context_mcp6config21default_normalization
FN:170,_RNvNtCsbzaEwEzTUoA_11context_mcp6config22default_milvus_address
FN:184,_RNvNtCsbzaEwEzTUoA_11context_mcp6config22default_tokenizer_path
FN:220,_RNvNtCsbzaEwEzTUoA_11context_mcp6config23default_collection_name
FN:212,_RNvNtCsbzaEwEzTUoA_11context_mcp6config27default_indexing_batch_size
FN:194,_RNvNtCsbzaEwEzTUoA_11context_mcp6config28default_embedding_batch_size
FN:246,_RNvXNtCsbzaEwEzTUoA_11context_mcp6configNtB2_12MilvusConfigNtNtCs4Vq2ZLagKfv_4core7default7Default7default
FN:267,_RNvXs0_NtCsbzaEwEzTUoA_11context_mcp6configNtB5_10BM25ConfigNtNtCs4Vq2ZLagKfv_4core7default7Default7default
FN:277,_RNvXs1_NtCsbzaEwEzTUoA_11context_mcp6configNtB5_14IndexingConfigNtNtCs4Vq2ZLagKfv_4core7default7Default7default
FN:288,_RNvXs2_NtCsbzaEwEzTUoA_11context_mcp6configNtB5_12HybridConfigNtNtCs4Vq2ZLagKfv_4core7default7Default7default
FN:256,_RNvXs_NtCsbzaEwEzTUoA_11context_mcp6configNtB4_15EmbeddingConfigNtNtCs4Vq2ZLagKfv_4core7default7Default7default
FN:355,_RNvMs3_NtCsbzaEwEzTUoA_11context_mcp6configNtB5_12ServerConfig18load_with_fallback
FN:507,_RNvNtNtCsbzaEwEzTUoA_11context_mcp6config5testss_18test_save_and_load
FN:479,_RNvNtNtCsbzaEwEzTUoA_11context_mcp6config5testss_19test_default_config
FN:488,_RNvNtNtCsbzaEwEzTUoA_11context_mcp6config5testss_22test_config_validation
FN:521,_RNvNtNtCsbzaEwEzTUoA_11context_mcp6config5testss_23test_json_serialization
FNDA:1,_RINvMs3_NtCsbzaEwEzTUoA_11context_mcp6configNtB6_12ServerConfig12save_defaultRNtNtCsbybZoRqqfIL_3std4path7PathBufEB8_
FNDA:1,_RINvMs3_NtCsbzaEwEzTUoA_11context_mcp6configNtB6_12ServerConfig9from_fileRNtNtCsbybZoRqqfIL_3std4path7PathBufEB8_
FNDA:1,_RINvMs3_NtCsbzaEwEzTUoA_11context_mcp6configNtB6_12ServerConfig9from_fileReEB8_
FNDA:0,_RNCINvMs3_NtCsbzaEwEzTUoA_11context_mcp6configNtB8_12ServerConfig12save_defaultRNtNtCsbybZoRqqfIL_3std4path7PathBufE0Ba_
FNDA:0,_RNCINvMs3_NtCsbzaEwEzTUoA_11context_mcp6configNtB8_12ServerConfig12save_defaultRNtNtCsbybZoRqqfIL_3std4path7PathBufEs_0Ba_
FNDA:0,_RNCINvMs3_NtCsbzaEwEzTUoA_11context_mcp6configNtB8_12ServerConfig9from_fileRNtNtCsbybZoRqqfIL_3std4path7PathBufE0Ba_
FNDA:0,_RNCINvMs3_NtCsbzaEwEzTUoA_11context_mcp6configNtB8_12ServerConfig9from_fileRNtNtCsbybZoRqqfIL_3std4path7PathBufEs_0Ba_
FNDA:0,_RNCINvMs3_NtCsbzaEwEzTUoA_11context_mcp6configNtB8_12ServerConfig9from_fileReE0Ba_
FNDA:0,_RNCINvMs3_NtCsbzaEwEzTUoA_11context_mcp6configNtB8_12ServerConfig9from_fileReEs_0Ba_
FNDA:68,_RNCNvNtCsbzaEwEzTUoA_11context_mcp6config18default_model_path0B5_
FNDA:68,_RNCNvNtCsbzaEwEzTUoA_11context_mcp6config20default_bm25_db_path0B5_
FNDA:68,_RNCNvNtCsbzaEwEzTUoA_11context_mcp6config22default_milvus_address0B5_
FNDA:68,_RNCNvNtCsbzaEwEzTUoA_11context_mcp6config22default_tokenizer_path0B5_
FNDA:1,_RNvMs3_NtCsbzaEwEzTUoA_11context_mcp6configNtB5_12ServerConfig19apply_env_overrides
FNDA:0,_RNvMs3_NtCsbzaEwEzTUoA_11context_mcp6configNtB5_12ServerConfig7summary
FNDA:7,_RNvMs3_NtCsbzaEwEzTUoA_11context_mcp6configNtB5_12ServerConfig8validate
FNDA:68,_RNvNtCsbzaEwEzTUoA_11context_mcp6config13default_alpha
FNDA:68,_RNvNtCsbzaEwEzTUoA_11context_mcp6config14default_bm25_b
FNDA:68,_RNvNtCsbzaEwEzTUoA_11context_mcp6config15default_bm25_k1
FNDA:68,_RNvNtCsbzaEwEzTUoA_11context_mcp6config17default_dimension
FNDA:68,_RNvNtCsbzaEwEzTUoA_11context_mcp6config17default_shard_num
FNDA:68,_RNvNtCsbzaEwEzTUoA_11context_mcp6config18default_bm25_top_k
FNDA:68,_RNvNtCsbzaEwEzTUoA_11context_mcp6config18default_max_length
FNDA:68,_RNvNtCsbzaEwEzTUoA_11context_mcp6config18default_model_path
FNDA:68,_RNvNtCsbzaEwEzTUoA_11context_mcp6config20default_bm25_db_path
FNDA:68,_RNvNtCsbzaEwEzTUoA_11context_mcp6config20default_max_parallel
FNDA:68,_RNvNtCsbzaEwEzTUoA_11context_mcp6config20default_vector_top_k
FNDA:68,_RNvNtCsbzaEwEzTUoA_11context_mcp6config21default_normalization
FNDA:68,_RNvNtCsbzaEwEzTUoA_11context_mcp6config22default_milvus_address
FNDA:68,_RNvNtCsbzaEwEzTUoA_11context_mcp6config22default_tokenizer_path
FNDA:68,_RNvNtCsbzaEwEzTUoA_11context_mcp6config23default_collection_name
FNDA:68,_RNvNtCsbzaEwEzTUoA_11context_mcp6config27default_indexing_batch_size
FNDA:68,_RNvNtCsbzaEwEzTUoA_11context_mcp6config28default_embedding_batch_size
FNDA:68,_RNvXNtCsbzaEwEzTUoA_11context_mcp6configNtB2_12MilvusConfigNtNtCs4Vq2ZLagKfv_4core7default7Default7default
FNDA:68,_RNvXs0_NtCsbzaEwEzTUoA_11context_mcp6configNtB5_10BM25ConfigNtNtCs4Vq2ZLagKfv_4core7default7Default7default
FNDA:68,_RNvXs1_NtCsbzaEwEzTUoA_11context_mcp6configNtB5_14IndexingConfigNtNtCs4Vq2ZLagKfv_4core7default7Default7default
FNDA:68,_RNvXs2_NtCsbzaEwEzTUoA_11context_mcp6configNtB5_12HybridConfigNtNtCs4Vq2ZLagKfv_4core7default7Default7default
FNDA:68,_RNvXs_NtCsbzaEwEzTUoA_11context_mcp6configNtB4_15EmbeddingConfigNtNtCs4Vq2ZLagKfv_4core7default7Default7default
FNDA:0,_RNvMs3_NtCsbzaEwEzTUoA_11context_mcp6configNtB5_12ServerConfig18load_with_fallback
FNDA:1,_RNvNtNtCsbzaEwEzTUoA_11context_mcp6config5testss_18test_save_and_load
FNDA:1,_RNvNtNtCsbzaEwEzTUoA_11context_mcp6config5testss_19test_default_config
FNDA:1,_RNvNtNtCsbzaEwEzTUoA_11context_mcp6config5testss_22test_config_validation
FNDA:1,_RNvNtNtCsbzaEwEzTUoA_11context_mcp6config5testss_23test_json_serialization
FNF:40
FNH:34
DA:170,68
DA:171,68
DA:172,68
DA:174,68
DA:175,68
DA:176,68
DA:178,68
DA:179,68
DA:180,68
DA:181,68
DA:182,68
DA:184,68
DA:185,68
DA:186,68
DA:187,68
DA:188,68
DA:190,68
DA:191,68
DA:192,68
DA:194,68
DA:195,68
DA:196,68
DA:198,68
DA:199,68
DA:200,68
DA:201,68
DA:202,68
DA:204,68
DA:205,68
DA:206,68
DA:208,68
DA:209,68
DA:210,68
DA:212,68
DA:213,68
DA:214,68
DA:216,68
DA:217,68
DA:218,68
DA:220,68
DA:221,68
DA:222,68
DA:224,68
DA:225,68
DA:226,68
DA:228,68
DA:229,68
DA:230,68
DA:232,68
DA:233,68
DA:234,68
DA:236,68
DA:237,68
DA:238,68
DA:240,68
DA:241,68
DA:242,68
DA:246,68
DA:247,68
DA:248,68
DA:249,68
DA:250,68
DA:251,68
DA:252,68
DA:256,68
DA:257,68
DA:258,68
DA:259,68
DA:260,68
DA:261,68
DA:262,68
DA:263,68
DA:267,68
DA:268,68
DA:269,68
DA:270,68
DA:271,68
DA:272,68
DA:273,68
DA:277,68
DA:278,68
DA:279,68
DA:280,68
DA:281,68
DA:282,68
DA:283,68
DA:284,68
DA:288,68
DA:289,68
DA:290,68
DA:291,68
DA:292,68
DA:293,68
DA:294,68
DA:295,68
DA:306,2
DA:307,2
DA:308,2
DA:310,2
DA:311,1
DA:312,1
DA:313,1
DA:315,1
DA:316,1
DA:318,1
DA:319,1
DA:322,1
DA:325,1
DA:327,1
DA:328,1
DA:330,1
DA:331,2
DA:334,1
DA:335,1
DA:336,1
DA:338,1
DA:339,1
DA:340,1
DA:342,1
DA:343,1
DA:345,1
DA:346,1
DA:347,1
DA:355,0
DA:357,0
DA:358,0
DA:359,0
DA:362,0
DA:363,0
DA:364,0
DA:365,0
DA:366,0
DA:367,0
DA:370,0
DA:371,0
DA:372,0
DA:375,1
DA:376,1
DA:377,0
DA:378,0
DA:379,1
DA:381,1
DA:382,0
DA:383,0
DA:384,1
DA:386,1
DA:387,0
DA:388,0
DA:389,1
DA:391,1
DA:392,0
DA:393,0
DA:394,1
DA:396,1
DA:397,0
DA:398,0
DA:399,1
DA:400,1
DA:403,7
DA:405,7
DA:406,1
DA:407,1
DA:408,1
DA:409,1
DA:410,6
DA:413,6
DA:414,0
DA:415,0
DA:416,0
DA:417,0
DA:418,6
DA:420,6
DA:421,0
DA:422,0
DA:423,0
DA:424,0
DA:425,6
DA:428,6
DA:429,6
DA:430,1
DA:431,1
DA:432,1
DA:433,1
DA:434,5
DA:437,5
DA:438,0
DA:439,0
DA:440,0
DA:441,5
DA:443,5
DA:444,0
DA:445,0
DA:446,0
DA:447,5
DA:450,5
DA:451,0
DA:452,0
DA:453,0
DA:454,5
DA:456,5
DA:457,5
DA:458,7
DA:461,0
DA:462,0
DA:463,0
DA:470,0
DA:479,1
DA:480,1
DA:481,1
DA:482,1
DA:483,1
DA:484,1
DA:485,1
DA:488,1
DA:489,1
DA:492,1
DA:493,1
DA:495,1
DA:496,1
DA:499,1
DA:500,1
DA:502,1
DA:503,1
DA:504,1
DA:507,1
DA:508,1
DA:509,1
DA:512,1
DA:513,1
DA:516,1
DA:517,1
DA:518,1
DA:521,1
DA:522,1
DA:523,1
DA:526,1
DA:527,1
DA:528,1
DA:529,1
DA:530,1
DA:533,1
DA:534,1
DA:535,1
BRF:0
BRH:0
LF:251
LH:201
end_of_record
SF:/home/tsk/sync/git/lsp_mcp/src/embedding/engine.rs
FN:343,_RNvMNtNtCsbzaEwEzTUoA_11context_mcp9embedding6engineNtB2_15EmbeddingEngine10model_info
FN:194,_RNvMNtNtCsbzaEwEzTUoA_11context_mcp9embedding6engineNtB2_15EmbeddingEngine11embed_batch
FN:134,_RNvMNtNtCsbzaEwEzTUoA_11context_mcp9embedding6engineNtB2_15EmbeddingEngine14create_session
FN:330,_RNvMNtNtCsbzaEwEzTUoA_11context_mcp9embedding6engineNtB2_15EmbeddingEngine16normalize_vector
FN:91,_RNvMNtNtCsbzaEwEzTUoA_11context_mcp9embedding6engineNtB2_15EmbeddingEngine3new
FN:167,_RNvMNtNtCsbzaEwEzTUoA_11context_mcp9embedding6engineNtB2_15EmbeddingEngine5embed
FN:353,_RNvMNtNtCsbzaEwEzTUoA_11context_mcp9embedding6engineNtB2_15EmbeddingEngine6config
FN:348,_RNvMNtNtCsbzaEwEzTUoA_11context_mcp9embedding6engineNtB2_15EmbeddingEngine9dimension
FN:389,_RNvXs8_NtNtCsbzaEwEzTUoA_11context_mcp9embedding6engineNtB5_15EmbeddingEngineNtB5_20EmbeddingEngineTrait10model_info
FN:385,_RNvXs8_NtNtCsbzaEwEzTUoA_11context_mcp9embedding6engineNtB5_15EmbeddingEngineNtB5_20EmbeddingEngineTrait11embed_batch
FN:381,_RNvXs8_NtNtCsbzaEwEzTUoA_11context_mcp9embedding6engineNtB5_15EmbeddingEngineNtB5_20EmbeddingEngineTrait5embed
FN:397,_RNvXs8_NtNtCsbzaEwEzTUoA_11context_mcp9embedding6engineNtB5_15EmbeddingEngineNtB5_20EmbeddingEngineTrait6config
FN:393,_RNvXs8_NtNtCsbzaEwEzTUoA_11context_mcp9embedding6engineNtB5_15EmbeddingEngineNtB5_20EmbeddingEngineTrait9dimension
FN:991,_RINvNvNtNtNtCsbzaEwEzTUoA_11context_mcp9embedding6engine5testss_29test_embedding_engine_is_send11assert_sendNtB6_15EmbeddingEngineEBa_
FN:997,_RINvNvNtNtNtCsbzaEwEzTUoA_11context_mcp9embedding6engine5testss_29test_embedding_engine_is_sync11assert_syncNtB6_15EmbeddingEngineEBa_
FN:612,_RNCNCNCNCNvNtNtNtCsbzaEwEzTUoA_11context_mcp9embedding6engine5testss_27test_mock_concurrent_access0000Bf_
FN:443,_RNCNCNCNvNtNtNtCsbzaEwEzTUoA_11context_mcp9embedding6engine5testss_21test_mock_embed_batch0s_00Bd_
FN:1087,_RNCNCNCNvNtNtNtCsbzaEwEzTUoA_11context_mcp9embedding6engine5testss_22test_mock_unicode_text000Bd_
FN:608,_RNCNCNCNvNtNtNtCsbzaEwEzTUoA_11context_mcp9embedding6engine5testss_27test_mock_concurrent_access000Bd_
FN:1270,_RNCNCNCNvNtNtNtCsbzaEwEzTUoA_11context_mcp9embedding6engine5testss_31test_mock_concurrent_access_arc0s_00Bd_
FN:1144,_RNCNCNCNvNtNtNtCsbzaEwEzTUoA_11context_mcp9embedding6engine5testss_36test_mock_batch_with_varying_lengths000Bd_
FN:418,_RNCNCNvNtNtNtCsbzaEwEzTUoA_11context_mcp9embedding6engine5testss_15test_mock_embed00Bb_
FN:585,_RNCNCNvNtNtNtCsbzaEwEzTUoA_11context_mcp9embedding6engine5testss_19test_mock_long_text00Bb_
FN:438,_RNCNCNvNtNtNtCsbzaEwEzTUoA_11context_mcp9embedding6engine5testss_21test_mock_embed_batch00Bb_
FN:440,_RNCNCNvNtNtNtCsbzaEwEzTUoA_11context_mcp9embedding6engine5testss_21test_mock_embed_batch0s_0Bb_
FN:566,_RNCNCNvNtNtNtCsbzaEwEzTUoA_11context_mcp9embedding6engine5testss_21test_mock_empty_batch00Bb_
FN:568,_RNCNCNvNtNtNtCsbzaEwEzTUoA_11context_mcp9embedding6engine5testss_21test_mock_empty_batch0s_0Bb_
FN:776,_RNCNCNvNtNtNtCsbzaEwEzTUoA_11context_mcp9embedding6engine5testss_21test_real_model_batch00Bb_
FN:677,_RNCNCNvNtNtNtCsbzaEwEzTUoA_11context_mcp9embedding6engine5testss_21test_real_model_embed00Bb_
FN:1033,_RNCNCNvNtNtNtCsbzaEwEzTUoA_11context_mcp9embedding6engine5testss_22test_mock_empty_string00Bb_
FN:1084,_RNCNCNvNtNtNtCsbzaEwEzTUoA_11context_mcp9embedding6engine5testss_22test_mock_unicode_text00Bb_
FN:1097,_RNCNCNvNtNtNtCsbzaEwEzTUoA_11context_mcp9embedding6engine5testss_22test_mock_unicode_text0s_0Bb_
FN:1113,_RNCNCNvNtNtNtCsbzaEwEzTUoA_11context_mcp9embedding6engine5testss_24test_mock_very_long_text00Bb_
FN:1201,_RNCNCNvNtNtNtCsbzaEwEzTUoA_11context_mcp9embedding6engine5testss_25test_mock_inference_error00Bb_
FN:535,_RNCNCNvNtNtNtCsbzaEwEzTUoA_11context_mcp9embedding6engine5testss_26test_mock_error_simulation00Bb_
FN:715,_RNCNCNvNtNtNtCsbzaEwEzTUoA_11context_mcp9embedding6engine5testss_26test_real_model_similarity00Bb_
FN:722,_RNCNCNvNtNtNtCsbzaEwEzTUoA_11context_mcp9embedding6engine5testss_26test_real_model_similarity0s_0Bb_
FN:607,_RNCNCNvNtNtNtCsbzaEwEzTUoA_11context_mcp9embedding6engine5testss_27test_mock_concurrent_access00Bb_
FN:508,_RNCNCNvNtNtNtCsbzaEwEzTUoA_11context_mcp9embedding6engine5testss_27test_mock_normalized_vector00Bb_
FN:523,_RNCNCNvNtNtNtCsbzaEwEzTUoA_11context_mcp9embedding6engine5testss_27test_mock_normalized_vector0s_0Bb_
FN:806,_RNCNCNvNtNtNtCsbzaEwEzTUoA_11context_mcp9embedding6engine5testss_27test_real_model_large_batch00Bb_
FN:807,_RNCNCNvNtNtNtCsbzaEwEzTUoA_11context_mcp9embedding6engine5testss_27test_real_model_large_batch0s_0Bb_
FN:1056,_RNCNCNvNtNtNtCsbzaEwEzTUoA_11context_mcp9embedding6engine5testss_28test_mock_special_characters00Bb_
FN:1179,_RNCNCNvNtNtNtCsbzaEwEzTUoA_11context_mcp9embedding6engine5testss_28test_mock_tokenization_error00Bb_
FN:1258,_RNCNCNvNtNtNtCsbzaEwEzTUoA_11context_mcp9embedding6engine5testss_31test_mock_concurrent_access_arc00Bb_
FN:1268,_RNCNCNvNtNtNtCsbzaEwEzTUoA_11context_mcp9embedding6engine5testss_31test_mock_concurrent_access_arc0s_0Bb_
FN:551,_RNCNCNvNtNtNtCsbzaEwEzTUoA_11context_mcp9embedding6engine5testss_32test_mock_batch_error_simulation00Bb_
FN:1012,_RNCNCNvNtNtNtCsbzaEwEzTUoA_11context_mcp9embedding6engine5testss_33test_embed_batch_empty_array_real00Bb_
FN:1014,_RNCNCNvNtNtNtCsbzaEwEzTUoA_11context_mcp9embedding6engine5testss_33test_embed_batch_empty_array_real0s_0Bb_
FN:1140,_RNCNCNvNtNtNtCsbzaEwEzTUoA_11context_mcp9embedding6engine5testss_36test_mock_batch_with_varying_lengths00Bb_
FN:1225,_RNCNCNvNtNtNtCsbzaEwEzTUoA_11context_mcp9embedding6engine5testss_38test_mock_no_embedding_generated_error00Bb_
FN:412,_RNCNvNtNtNtCsbzaEwEzTUoA_11context_mcp9embedding6engine5testss_15test_mock_embed0B9_
FN:485,_RNCNvNtNtNtCsbzaEwEzTUoA_11context_mcp9embedding6engine5testss_16test_mock_config0B9_
FN:475,_RNCNvNtNtNtCsbzaEwEzTUoA_11context_mcp9embedding6engine5testss_19test_mock_dimension0B9_
FN:577,_RNCNvNtNtNtCsbzaEwEzTUoA_11context_mcp9embedding6engine5testss_19test_mock_long_text0B9_
FN:462,_RNCNvNtNtNtCsbzaEwEzTUoA_11context_mcp9embedding6engine5testss_20test_mock_model_info0B9_
FN:434,_RNCNvNtNtNtCsbzaEwEzTUoA_11context_mcp9embedding6engine5testss_21test_mock_embed_batch0B9_
FN:562,_RNCNvNtNtNtCsbzaEwEzTUoA_11context_mcp9embedding6engine5testss_21test_mock_empty_batch0B9_
FN:834,_RNCNvNtNtNtCsbzaEwEzTUoA_11context_mcp9embedding6engine5testss_21test_normalize_vector0B9_
FN:741,_RNCNvNtNtNtCsbzaEwEzTUoA_11context_mcp9embedding6engine5testss_21test_real_model_batch0B9_
FN:641,_RNCNvNtNtNtCsbzaEwEzTUoA_11context_mcp9embedding6engine5testss_21test_real_model_embed0B9_
FN:1027,_RNCNvNtNtNtCsbzaEwEzTUoA_11context_mcp9embedding6engine5testss_22test_mock_empty_string0B9_
FN:1071,_RNCNvNtNtNtCsbzaEwEzTUoA_11context_mcp9embedding6engine5testss_22test_mock_unicode_text0B9_
FN:1105,_RNCNvNtNtNtCsbzaEwEzTUoA_11context_mcp9embedding6engine5testss_24test_mock_very_long_text0B9_
FN:1196,_RNCNvNtNtNtCsbzaEwEzTUoA_11context_mcp9embedding6engine5testss_25test_mock_inference_error0B9_
FN:530,_RNCNvNtNtNtCsbzaEwEzTUoA_11context_mcp9embedding6engine5testss_26test_mock_error_simulation0B9_
FN:685,_RNCNvNtNtNtCsbzaEwEzTUoA_11context_mcp9embedding6engine5testss_26test_real_model_similarity0B9_
FN:602,_RNCNvNtNtNtCsbzaEwEzTUoA_11context_mcp9embedding6engine5testss_27test_mock_concurrent_access0B9_
FN:503,_RNCNvNtNtNtCsbzaEwEzTUoA_11context_mcp9embedding6engine5testss_27test_mock_normalized_vector0B9_
FN:905,_RNCNvNtNtNtCsbzaEwEzTUoA_11context_mcp9embedding6engine5testss_27test_normalize_vector_large0B9_
FN:785,_RNCNvNtNtNtCsbzaEwEzTUoA_11context_mcp9embedding6engine5testss_27test_real_model_large_batch0B9_
FN:1049,_RNCNvNtNtNtCsbzaEwEzTUoA_11context_mcp9embedding6engine5testss_28test_mock_special_characters0B9_
FN:1174,_RNCNvNtNtNtCsbzaEwEzTUoA_11context_mcp9embedding6engine5testss_28test_mock_tokenization_error0B9_
FN:851,_RNCNvNtNtNtCsbzaEwEzTUoA_11context_mcp9embedding6engine5testss_29test_new_model_file_not_found0B9_
FN:1246,_RNCNvNtNtNtCsbzaEwEzTUoA_11context_mcp9embedding6engine5testss_31test_mock_concurrent_access_arc0B9_
FN:546,_RNCNvNtNtNtCsbzaEwEzTUoA_11context_mcp9embedding6engine5testss_32test_mock_batch_error_simulation0B9_
FN:1006,_RNCNvNtNtNtCsbzaEwEzTUoA_11context_mcp9embedding6engine5testss_33test_embed_batch_empty_array_real0B9_
FN:870,_RNCNvNtNtNtCsbzaEwEzTUoA_11context_mcp9embedding6engine5testss_33test_new_tokenizer_file_not_found0B9_
FN:937,_RNCNvNtNtNtCsbzaEwEzTUoA_11context_mcp9embedding6engine5testss_34test_normalize_vector_mixed_values0B9_
FN:1129,_RNCNvNtNtNtCsbzaEwEzTUoA_11context_mcp9embedding6engine5testss_36test_mock_batch_with_varying_lengths0B9_
FN:925,_RNCNvNtNtNtCsbzaEwEzTUoA_11context_mcp9embedding6engine5testss_37test_normalize_vector_negative_values0B9_
FN:1218,_RNCNvNtNtNtCsbzaEwEzTUoA_11context_mcp9embedding6engine5testss_38test_mock_no_embedding_generated_error0B9_
FN:1293,_RNCNvNtNtNtCsbzaEwEzTUoA_11context_mcp9embedding6engine5testss_39test_trait_implementation_compatibility0B9_
FN:412,_RNvNtNtNtCsbzaEwEzTUoA_11context_mcp9embedding6engine5testss_15test_mock_embed
FN:485,_RNvNtNtNtCsbzaEwEzTUoA_11context_mcp9embedding6engine5testss_16test_mock_config
FN:475,_RNvNtNtNtCsbzaEwEzTUoA_11context_mcp9embedding6engine5testss_19test_mock_dimension
FN:577,_RNvNtNtNtCsbzaEwEzTUoA_11context_mcp9embedding6engine5testss_19test_mock_long_text
FN:462,_RNvNtNtNtCsbzaEwEzTUoA_11context_mcp9embedding6engine5testss_20test_mock_model_info
FN:434,_RNvNtNtNtCsbzaEwEzTUoA_11context_mcp9embedding6engine5testss_21test_mock_embed_batch
FN:562,_RNvNtNtNtCsbzaEwEzTUoA_11context_mcp9embedding6engine5testss_21test_mock_empty_batch
FN:825,_RNvNtNtNtCsbzaEwEzTUoA_11context_mcp9embedding6engine5testss_21test_normalize_vector
FN:741,_RNvNtNtNtCsbzaEwEzTUoA_11context_mcp9embedding6engine5testss_21test_real_model_batch
FN:641,_RNvNtNtNtCsbzaEwEzTUoA_11context_mcp9embedding6engine5testss_21test_real_model_embed
FN:1027,_RNvNtNtNtCsbzaEwEzTUoA_11context_mcp9embedding6engine5testss_22test_mock_empty_string
FN:1071,_RNvNtNtNtCsbzaEwEzTUoA_11context_mcp9embedding6engine5testss_22test_mock_unicode_text
FN:1105,_RNvNtNtNtCsbzaEwEzTUoA_11context_mcp9embedding6engine5testss_24test_mock_very_long_text
FN:1196,_RNvNtNtNtCsbzaEwEzTUoA_11context_mcp9embedding6engine5testss_25test_mock_inference_error
FN:530,_RNvNtNtNtCsbzaEwEzTUoA_11context_mcp9embedding6engine5testss_26test_mock_error_simulation
FN:972,_RNvNtNtNtCsbzaEwEzTUoA_11context_mcp9embedding6engine5testss_26test_model_info_properties
FN:839,_RNvNtNtNtCsbzaEwEzTUoA_11context_mcp9embedding6engine5testss_26test_normalize_zero_vector
FN:685,_RNvNtNtNtCsbzaEwEzTUoA_11context_mcp9embedding6engine5testss_26test_real_model_similarity
FN:602,_RNvNtNtNtCsbzaEwEzTUoA_11context_mcp9embedding6engine5testss_27test_mock_concurrent_access
FN:503,_RNvNtNtNtCsbzaEwEzTUoA_11context_mcp9embedding6engine5testss_27test_mock_normalized_vector
FN:897,_RNvNtNtNtCsbzaEwEzTUoA_11context_mcp9embedding6engine5testss_27test_normalize_vector_large
FN:785,_RNvNtNtNtCsbzaEwEzTUoA_11context_mcp9embedding6engine5testss_27test_real_model_large_batch
FN:1049,_RNvNtNtNtCsbzaEwEzTUoA_11context_mcp9embedding6engine5testss_28test_mock_special_characters
FN:1174,_RNvNtNtNtCsbzaEwEzTUoA_11context_mcp9embedding6engine5testss_28test_mock_tokenization_error
FN:990,_RNvNtNtNtCsbzaEwEzTUoA_11context_mcp9embedding6engine5testss_29test_embedding_engine_is_send
FN:996,_RNvNtNtNtCsbzaEwEzTUoA_11context_mcp9embedding6engine5testss_29test_embedding_engine_is_sync
FN:851,_RNvNtNtNtCsbzaEwEzTUoA_11context_mcp9embedding6engine5testss_29test_new_model_file_not_found
FN:1246,_RNvNtNtNtCsbzaEwEzTUoA_11context_mcp9embedding6engine5testss_31test_mock_concurrent_access_arc
FN:546,_RNvNtNtNtCsbzaEwEzTUoA_11context_mcp9embedding6engine5testss_32test_mock_batch_error_simulation
FN:949,_RNvNtNtNtCsbzaEwEzTUoA_11context_mcp9embedding6engine5testss_32test_normalize_vector_very_small
FN:1006,_RNvNtNtNtCsbzaEwEzTUoA_11context_mcp9embedding6engine5testss_33test_embed_batch_empty_array_real
FN:870,_RNvNtNtNtCsbzaEwEzTUoA_11context_mcp9embedding6engine5testss_33test_new_tokenizer_file_not_found
FN:930,_RNvNtNtNtCsbzaEwEzTUoA_11context_mcp9embedding6engine5testss_34test_normalize_vector_mixed_values
FN:1129,_RNvNtNtNtCsbzaEwEzTUoA_11context_mcp9embedding6engine5testss_36test_mock_batch_with_varying_lengths
FN:959,_RNvNtNtNtCsbzaEwEzTUoA_11context_mcp9embedding6engine5testss_36test_normalize_vector_single_element
FN:916,_RNvNtNtNtCsbzaEwEzTUoA_11context_mcp9embedding6engine5testss_37test_normalize_vector_negative_values
FN:1218,_RNvNtNtNtCsbzaEwEzTUoA_11context_mcp9embedding6engine5testss_38test_mock_no_embedding_generated_error
FN:1293,_RNvNtNtNtCsbzaEwEzTUoA_11context_mcp9embedding6engine5testss_39test_trait_implementation_compatibility
FN:206,_RNCNCNvMNtNtCsbzaEwEzTUoA_11context_mcp9embedding6engineNtB6_15EmbeddingEngine11embed_batch00Ba_
FN:245,_RNCNCNvMNtNtCsbzaEwEzTUoA_11context_mcp9embedding6engineNtB6_15EmbeddingEngine11embed_batch0s0_0Ba_
FN:253,_RNCNCNvMNtNtCsbzaEwEzTUoA_11context_mcp9embedding6engineNtB6_15EmbeddingEngine11embed_batch0s1_0Ba_
FN:258,_RNCNCNvMNtNtCsbzaEwEzTUoA_11context_mcp9embedding6engineNtB6_15EmbeddingEngine11embed_batch0s2_0Ba_
FN:261,_RNCNCNvMNtNtCsbzaEwEzTUoA_11context_mcp9embedding6engineNtB6_15EmbeddingEngine11embed_batch0s3_0Ba_
FN:264,_RNCNCNvMNtNtCsbzaEwEzTUoA_11context_mcp9embedding6engineNtB6_15EmbeddingEngine11embed_batch0s4_0Ba_
FN:276,_RNCNCNvMNtNtCsbzaEwEzTUoA_11context_mcp9embedding6engineNtB6_15EmbeddingEngine11embed_batch0s5_0Ba_
FN:281,_RNCNCNvMNtNtCsbzaEwEzTUoA_11context_mcp9embedding6engineNtB6_15EmbeddingEngine11embed_batch0s6_0Ba_
FN:282,_RNCNCNvMNtNtCsbzaEwEzTUoA_11context_mcp9embedding6engineNtB6_15EmbeddingEngine11embed_batch0s7_0Ba_
FN:283,_RNCNCNvMNtNtCsbzaEwEzTUoA_11context_mcp9embedding6engineNtB6_15EmbeddingEngine11embed_batch0s8_0Ba_
FN:285,_RNCNCNvMNtNtCsbzaEwEzTUoA_11context_mcp9embedding6engineNtB6_15EmbeddingEngine11embed_batch0s9_0Ba_
FN:237,_RNCNCNvMNtNtCsbzaEwEzTUoA_11context_mcp9embedding6engineNtB6_15EmbeddingEngine11embed_batch0s_0Ba_
FN:307,_RNCNCNvMNtNtCsbzaEwEzTUoA_11context_mcp9embedding6engineNtB6_15EmbeddingEngine11embed_batch0sa_0Ba_
FN:116,_RNCNCNvMNtNtCsbzaEwEzTUoA_11context_mcp9embedding6engineNtB6_15EmbeddingEngine3new00Ba_
FN:175,_RNCNCNvMNtNtCsbzaEwEzTUoA_11context_mcp9embedding6engineNtB6_15EmbeddingEngine5embed00Ba_
FN:194,_RNCNvMNtNtCsbzaEwEzTUoA_11context_mcp9embedding6engineNtB4_15EmbeddingEngine11embed_batch0B8_
FN:138,_RNCNvMNtNtCsbzaEwEzTUoA_11context_mcp9embedding6engineNtB4_15EmbeddingEngine14create_session0B8_
FN:146,_RNCNvMNtNtCsbzaEwEzTUoA_11context_mcp9embedding6engineNtB4_15EmbeddingEngine14create_sessions0_0B8_
FN:148,_RNCNvMNtNtCsbzaEwEzTUoA_11context_mcp9embedding6engineNtB4_15EmbeddingEngine14create_sessions1_0B8_
FN:142,_RNCNvMNtNtCsbzaEwEzTUoA_11context_mcp9embedding6engineNtB4_15EmbeddingEngine14create_sessions_0B8_
FN:331,_RNCNvMNtNtCsbzaEwEzTUoA_11context_mcp9embedding6engineNtB4_15EmbeddingEngine16normalize_vector0B8_
FN:339,_RNCNvMNtNtCsbzaEwEzTUoA_11context_mcp9embedding6engineNtB4_15EmbeddingEngine16normalize_vectors_0B8_
FN:91,_RNCNvMNtNtCsbzaEwEzTUoA_11context_mcp9embedding6engineNtB4_15EmbeddingEngine3new0B8_
FN:167,_RNCNvMNtNtCsbzaEwEzTUoA_11context_mcp9embedding6engineNtB4_15EmbeddingEngine5embed0B8_
FNDA:0,_RNvMNtNtCsbzaEwEzTUoA_11context_mcp9embedding6engineNtB2_15EmbeddingEngine10model_info
FNDA:0,_RNvMNtNtCsbzaEwEzTUoA_11context_mcp9embedding6engineNtB2_15EmbeddingEngine11embed_batch
FNDA:0,_RNvMNtNtCsbzaEwEzTUoA_11context_mcp9embedding6engineNtB2_15EmbeddingEngine14create_session
FNDA:7,_RNvMNtNtCsbzaEwEzTUoA_11context_mcp9embedding6engineNtB2_15EmbeddingEngine16normalize_vector
FNDA:11,_RNvMNtNtCsbzaEwEzTUoA_11context_mcp9embedding6engineNtB2_15EmbeddingEngine3new
FNDA:0,_RNvMNtNtCsbzaEwEzTUoA_11context_mcp9embedding6engineNtB2_15EmbeddingEngine5embed
FNDA:0,_RNvMNtNtCsbzaEwEzTUoA_11context_mcp9embedding6engineNtB2_15EmbeddingEngine6config
FNDA:0,_RNvMNtNtCsbzaEwEzTUoA_11context_mcp9embedding6engineNtB2_15EmbeddingEngine9dimension
FNDA:0,_RNvXs8_NtNtCsbzaEwEzTUoA_11context_mcp9embedding6engineNtB5_15EmbeddingEngineNtB5_20EmbeddingEngineTrait10model_info
FNDA:0,_RNvXs8_NtNtCsbzaEwEzTUoA_11context_mcp9embedding6engineNtB5_15EmbeddingEngineNtB5_20EmbeddingEngineTrait11embed_batch
FNDA:0,_RNvXs8_NtNtCsbzaEwEzTUoA_11context_mcp9embedding6engineNtB5_15EmbeddingEngineNtB5_20EmbeddingEngineTrait5embed
FNDA:0,_RNvXs8_NtNtCsbzaEwEzTUoA_11context_mcp9embedding6engineNtB5_15EmbeddingEngineNtB5_20EmbeddingEngineTrait6config
FNDA:0,_RNvXs8_NtNtCsbzaEwEzTUoA_11context_mcp9embedding6engineNtB5_15EmbeddingEngineNtB5_20EmbeddingEngineTrait9dimension
FNDA:1,_RINvNvNtNtNtCsbzaEwEzTUoA_11context_mcp9embedding6engine5testss_29test_embedding_engine_is_send11assert_sendNtB6_15EmbeddingEngineEBa_
FNDA:1,_RINvNvNtNtNtCsbzaEwEzTUoA_11context_mcp9embedding6engine5testss_29test_embedding_engine_is_sync11assert_syncNtB6_15EmbeddingEngineEBa_
FNDA:10,_RNCNCNCNCNvNtNtNtCsbzaEwEzTUoA_11context_mcp9embedding6engine5testss_27test_mock_concurrent_access0000Bf_
FNDA:2,_RNCNCNCNvNtNtNtCsbzaEwEzTUoA_11context_mcp9embedding6engine5testss_21test_mock_embed_batch0s_00Bd_
FNDA:5,_RNCNCNCNvNtNtNtCsbzaEwEzTUoA_11context_mcp9embedding6engine5testss_22test_mock_unicode_text000Bd_
FNDA:10,_RNCNCNCNvNtNtNtCsbzaEwEzTUoA_11context_mcp9embedding6engine5testss_27test_mock_concurrent_access000Bd_
FNDA:10,_RNCNCNCNvNtNtNtCsbzaEwEzTUoA_11context_mcp9embedding6engine5testss_31test_mock_concurrent_access_arc0s_00Bd_
FNDA:3,_RNCNCNCNvNtNtNtCsbzaEwEzTUoA_11context_mcp9embedding6engine5testss_36test_mock_batch_with_varying_lengths000Bd_
FNDA:1,_RNCNCNvNtNtNtCsbzaEwEzTUoA_11context_mcp9embedding6engine5testss_15test_mock_embed00Bb_
FNDA:1,_RNCNCNvNtNtNtCsbzaEwEzTUoA_11context_mcp9embedding6engine5testss_19test_mock_long_text00Bb_
FNDA:1,_RNCNCNvNtNtNtCsbzaEwEzTUoA_11context_mcp9embedding6engine5testss_21test_mock_embed_batch00Bb_
FNDA:1,_RNCNCNvNtNtNtCsbzaEwEzTUoA_11context_mcp9embedding6engine5testss_21test_mock_embed_batch0s_0Bb_
FNDA:1,_RNCNCNvNtNtNtCsbzaEwEzTUoA_11context_mcp9embedding6engine5testss_21test_mock_empty_batch00Bb_
FNDA:1,_RNCNCNvNtNtNtCsbzaEwEzTUoA_11context_mcp9embedding6engine5testss_21test_mock_empty_batch0s_0Bb_
FNDA:0,_RNCNCNvNtNtNtCsbzaEwEzTUoA_11context_mcp9embedding6engine5testss_21test_real_model_batch00Bb_
FNDA:0,_RNCNCNvNtNtNtCsbzaEwEzTUoA_11context_mcp9embedding6engine5testss_21test_real_model_embed00Bb_
FNDA:1,_RNCNCNvNtNtNtCsbzaEwEzTUoA_11context_mcp9embedding6engine5testss_22test_mock_empty_string00Bb_
FNDA:1,_RNCNCNvNtNtNtCsbzaEwEzTUoA_11context_mcp9embedding6engine5testss_22test_mock_unicode_text00Bb_
FNDA:5,_RNCNCNvNtNtNtCsbzaEwEzTUoA_11context_mcp9embedding6engine5testss_22test_mock_unicode_text0s_0Bb_
FNDA:1,_RNCNCNvNtNtNtCsbzaEwEzTUoA_11context_mcp9embedding6engine5testss_24test_mock_very_long_text00Bb_
FNDA:1,_RNCNCNvNtNtNtCsbzaEwEzTUoA_11context_mcp9embedding6engine5testss_25test_mock_inference_error00Bb_
FNDA:1,_RNCNCNvNtNtNtCsbzaEwEzTUoA_11context_mcp9embedding6engine5testss_26test_mock_error_simulation00Bb_
FNDA:0,_RNCNCNvNtNtNtCsbzaEwEzTUoA_11context_mcp9embedding6engine5testss_26test_real_model_similarity00Bb_
FNDA:0,_RNCNCNvNtNtNtCsbzaEwEzTUoA_11context_mcp9embedding6engine5testss_26test_real_model_similarity0s_0Bb_
FNDA:10,_RNCNCNvNtNtNtCsbzaEwEzTUoA_11context_mcp9embedding6engine5testss_27test_mock_concurrent_access00Bb_
FNDA:1,_RNCNCNvNtNtNtCsbzaEwEzTUoA_11context_mcp9embedding6engine5testss_27test_mock_normalized_vector00Bb_
FNDA:384,_RNCNCNvNtNtNtCsbzaEwEzTUoA_11context_mcp9embedding6engine5testss_27test_mock_normalized_vector0s_0Bb_
FNDA:0,_RNCNCNvNtNtNtCsbzaEwEzTUoA_11context_mcp9embedding6engine5testss_27test_real_model_large_batch00Bb_
FNDA:0,_RNCNCNvNtNtNtCsbzaEwEzTUoA_11context_mcp9embedding6engine5testss_27test_real_model_large_batch0s_0Bb_
FNDA:1,_RNCNCNvNtNtNtCsbzaEwEzTUoA_11context_mcp9embedding6engine5testss_28test_mock_special_characters00Bb_
FNDA:1,_RNCNCNvNtNtNtCsbzaEwEzTUoA_11context_mcp9embedding6engine5testss_28test_mock_tokenization_error00Bb_
FNDA:10,_RNCNCNvNtNtNtCsbzaEwEzTUoA_11context_mcp9embedding6engine5testss_31test_mock_concurrent_access_arc00Bb_
FNDA:10,_RNCNCNvNtNtNtCsbzaEwEzTUoA_11context_mcp9embedding6engine5testss_31test_mock_concurrent_access_arc0s_0Bb_
FNDA:1,_RNCNCNvNtNtNtCsbzaEwEzTUoA_11context_mcp9embedding6engine5testss_32test_mock_batch_error_simulation00Bb_
FNDA:1,_RNCNCNvNtNtNtCsbzaEwEzTUoA_11context_mcp9embedding6engine5testss_33test_embed_batch_empty_array_real00Bb_
FNDA:1,_RNCNCNvNtNtNtCsbzaEwEzTUoA_11context_mcp9embedding6engine5testss_33test_embed_batch_empty_array_real0s_0Bb_
FNDA:1,_RNCNCNvNtNtNtCsbzaEwEzTUoA_11context_mcp9embedding6engine5testss_36test_mock_batch_with_varying_lengths00Bb_
FNDA:1,_RNCNCNvNtNtNtCsbzaEwEzTUoA_11context_mcp9embedding6engine5testss_38test_mock_no_embedding_generated_error00Bb_
FNDA:1,_RNCNvNtNtNtCsbzaEwEzTUoA_11context_mcp9embedding6engine5testss_15test_mock_embed0B9_
FNDA:1,_RNCNvNtNtNtCsbzaEwEzTUoA_11context_mcp9embedding6engine5testss_16test_mock_config0B9_
FNDA:1,_RNCNvNtNtNtCsbzaEwEzTUoA_11context_mcp9embedding6engine5testss_19test_mock_dimension0B9_
FNDA:1,_RNCNvNtNtNtCsbzaEwEzTUoA_11context_mcp9embedding6engine5testss_19test_mock_long_text0B9_
FNDA:1,_RNCNvNtNtNtCsbzaEwEzTUoA_11context_mcp9embedding6engine5testss_20test_mock_model_info0B9_
FNDA:1,_RNCNvNtNtNtCsbzaEwEzTUoA_11context_mcp9embedding6engine5testss_21test_mock_embed_batch0B9_
FNDA:1,_RNCNvNtNtNtCsbzaEwEzTUoA_11context_mcp9embedding6engine5testss_21test_mock_empty_batch0B9_
FNDA:2,_RNCNvNtNtNtCsbzaEwEzTUoA_11context_mcp9embedding6engine5testss_21test_normalize_vector0B9_
FNDA:0,_RNCNvNtNtNtCsbzaEwEzTUoA_11context_mcp9embedding6engine5testss_21test_real_model_batch0B9_
FNDA:0,_RNCNvNtNtNtCsbzaEwEzTUoA_11context_mcp9embedding6engine5testss_21test_real_model_embed0B9_
FNDA:1,_RNCNvNtNtNtCsbzaEwEzTUoA_11context_mcp9embedding6engine5testss_22test_mock_empty_string0B9_
FNDA:1,_RNCNvNtNtNtCsbzaEwEzTUoA_11context_mcp9embedding6engine5testss_22test_mock_unicode_text0B9_
FNDA:1,_RNCNvNtNtNtCsbzaEwEzTUoA_11context_mcp9embedding6engine5testss_24test_mock_very_long_text0B9_
FNDA:1,_RNCNvNtNtNtCsbzaEwEzTUoA_11context_mcp9embedding6engine5testss_25test_mock_inference_error0B9_
FNDA:1,_RNCNvNtNtNtCsbzaEwEzTUoA_11context_mcp9embedding6engine5testss_26test_mock_error_simulation0B9_
FNDA:0,_RNCNvNtNtNtCsbzaEwEzTUoA_11context_mcp9embedding6engine5testss_26test_real_model_similarity0B9_
FNDA:1,_RNCNvNtNtNtCsbzaEwEzTUoA_11context_mcp9embedding6engine5testss_27test_mock_concurrent_access0B9_
FNDA:1,_RNCNvNtNtNtCsbzaEwEzTUoA_11context_mcp9embedding6engine5testss_27test_mock_normalized_vector0B9_
FNDA:384,_RNCNvNtNtNtCsbzaEwEzTUoA_11context_mcp9embedding6engine5testss_27test_normalize_vector_large0B9_
FNDA:0,_RNCNvNtNtNtCsbzaEwEzTUoA_11context_mcp9embedding6engine5testss_27test_real_model_large_batch0B9_
FNDA:1,_RNCNvNtNtNtCsbzaEwEzTUoA_11context_mcp9embedding6engine5testss_28test_mock_special_characters0B9_
FNDA:1,_RNCNvNtNtNtCsbzaEwEzTUoA_11context_mcp9embedding6engine5testss_28test_mock_tokenization_error0B9_
FNDA:1,_RNCNvNtNtNtCsbzaEwEzTUoA_11context_mcp9embedding6engine5testss_29test_new_model_file_not_found0B9_
FNDA:1,_RNCNvNtNtNtCsbzaEwEzTUoA_11context_mcp9embedding6engine5testss_31test_mock_concurrent_access_arc0B9_
FNDA:1,_RNCNvNtNtNtCsbzaEwEzTUoA_11context_mcp9embedding6engine5testss_32test_mock_batch_error_simulation0B9_
FNDA:1,_RNCNvNtNtNtCsbzaEwEzTUoA_11context_mcp9embedding6engine5testss_33test_embed_batch_empty_array_real0B9_
FNDA:1,_RNCNvNtNtNtCsbzaEwEzTUoA_11context_mcp9embedding6engine5testss_33test_new_tokenizer_file_not_found0B9_
FNDA:4,_RNCNvNtNtNtCsbzaEwEzTUoA_11context_mcp9embedding6engine5testss_34test_normalize_vector_mixed_values0B9_
FNDA:1,_RNCNvNtNtNtCsbzaEwEzTUoA_11context_mcp9embedding6engine5testss_36test_mock_batch_with_varying_lengths0B9_
FNDA:2,_RNCNvNtNtNtCsbzaEwEzTUoA_11context_mcp9embedding6engine5testss_37test_normalize_vector_negative_values0B9_
FNDA:1,_RNCNvNtNtNtCsbzaEwEzTUoA_11context_mcp9embedding6engine5testss_38test_mock_no_embedding_generated_error0B9_
FNDA:1,_RNCNvNtNtNtCsbzaEwEzTUoA_11context_mcp9embedding6engine5testss_39test_trait_implementation_compatibility0B9_
FNDA:1,_RNvNtNtNtCsbzaEwEzTUoA_11context_mcp9embedding6engine5testss_15test_mock_embed
FNDA:1,_RNvNtNtNtCsbzaEwEzTUoA_11context_mcp9embedding6engine5testss_16test_mock_config
FNDA:1,_RNvNtNtNtCsbzaEwEzTUoA_11context_mcp9embedding6engine5testss_19test_mock_dimension
FNDA:1,_RNvNtNtNtCsbzaEwEzTUoA_11context_mcp9embedding6engine5testss_19test_mock_long_text
FNDA:1,_RNvNtNtNtCsbzaEwEzTUoA_11context_mcp9embedding6engine5testss_20test_mock_model_info
FNDA:1,_RNvNtNtNtCsbzaEwEzTUoA_11context_mcp9embedding6engine5testss_21test_mock_embed_batch
FNDA:1,_RNvNtNtNtCsbzaEwEzTUoA_11context_mcp9embedding6engine5testss_21test_mock_empty_batch
FNDA:1,_RNvNtNtNtCsbzaEwEzTUoA_11context_mcp9embedding6engine5testss_21test_normalize_vector
FNDA:0,_RNvNtNtNtCsbzaEwEzTUoA_11context_mcp9embedding6engine5testss_21test_real_model_batch
FNDA:0,_RNvNtNtNtCsbzaEwEzTUoA_11context_mcp9embedding6engine5testss_21test_real_model_embed
FNDA:1,_RNvNtNtNtCsbzaEwEzTUoA_11context_mcp9embedding6engine5testss_22test_mock_empty_string
FNDA:1,_RNvNtNtNtCsbzaEwEzTUoA_11context_mcp9embedding6engine5testss_22test_mock_unicode_text
FNDA:1,_RNvNtNtNtCsbzaEwEzTUoA_11context_mcp9embedding6engine5testss_24test_mock_very_long_text
FNDA:1,_RNvNtNtNtCsbzaEwEzTUoA_11context_mcp9embedding6engine5testss_25test_mock_inference_error
FNDA:1,_RNvNtNtNtCsbzaEwEzTUoA_11context_mcp9embedding6engine5testss_26test_mock_error_simulation
FNDA:1,_RNvNtNtNtCsbzaEwEzTUoA_11context_mcp9embedding6engine5testss_26test_model_info_properties
FNDA:1,_RNvNtNtNtCsbzaEwEzTUoA_11context_mcp9embedding6engine5testss_26test_normalize_zero_vector
FNDA:0,_RNvNtNtNtCsbzaEwEzTUoA_11context_mcp9embedding6engine5testss_26test_real_model_similarity
FNDA:1,_RNvNtNtNtCsbzaEwEzTUoA_11context_mcp9embedding6engine5testss_27test_mock_concurrent_access
FNDA:1,_RNvNtNtNtCsbzaEwEzTUoA_11context_mcp9embedding6engine5testss_27test_mock_normalized_vector
FNDA:1,_RNvNtNtNtCsbzaEwEzTUoA_11context_mcp9embedding6engine5testss_27test_normalize_vector_large
FNDA:0,_RNvNtNtNtCsbzaEwEzTUoA_11context_mcp9embedding6engine5testss_27test_real_model_large_batch
FNDA:1,_RNvNtNtNtCsbzaEwEzTUoA_11context_mcp9embedding6engine5testss_28test_mock_special_characters
FNDA:1,_RNvNtNtNtCsbzaEwEzTUoA_11context_mcp9embedding6engine5testss_28test_mock_tokenization_error
FNDA:1,_RNvNtNtNtCsbzaEwEzTUoA_11context_mcp9embedding6engine5testss_29test_embedding_engine_is_send
FNDA:1,_RNvNtNtNtCsbzaEwEzTUoA_11context_mcp9embedding6engine5testss_29test_embedding_engine_is_sync
FNDA:1,_RNvNtNtNtCsbzaEwEzTUoA_11context_mcp9embedding6engine5testss_29test_new_model_file_not_found
FNDA:1,_RNvNtNtNtCsbzaEwEzTUoA_11context_mcp9embedding6engine5testss_31test_mock_concurrent_access_arc
FNDA:1,_RNvNtNtNtCsbzaEwEzTUoA_11context_mcp9embedding6engine5testss_32test_mock_batch_error_simulation
FNDA:1,_RNvNtNtNtCsbzaEwEzTUoA_11context_mcp9embedding6engine5testss_32test_normalize_vector_very_small
FNDA:1,_RNvNtNtNtCsbzaEwEzTUoA_11context_mcp9embedding6engine5testss_33test_embed_batch_empty_array_real
FNDA:1,_RNvNtNtNtCsbzaEwEzTUoA_11context_mcp9embedding6engine5testss_33test_new_tokenizer_file_not_found
FNDA:1,_RNvNtNtNtCsbzaEwEzTUoA_11context_mcp9embedding6engine5testss_34test_normalize_vector_mixed_values
FNDA:1,_RNvNtNtNtCsbzaEwEzTUoA_11context_mcp9embedding6engine5testss_36test_mock_batch_with_varying_lengths
FNDA:1,_RNvNtNtNtCsbzaEwEzTUoA_11context_mcp9embedding6engine5testss_36test_normalize_vector_single_element
FNDA:1,_RNvNtNtNtCsbzaEwEzTUoA_11context_mcp9embedding6engine5testss_37test_normalize_vector_negative_values
FNDA:1,_RNvNtNtNtCsbzaEwEzTUoA_11context_mcp9embedding6engine5testss_38test_mock_no_embedding_generated_error
FNDA:1,_RNvNtNtNtCsbzaEwEzTUoA_11context_mcp9embedding6engine5testss_39test_trait_implementation_compatibility
FNDA:0,_RNCNCNvMNtNtCsbzaEwEzTUoA_11context_mcp9embedding6engineNtB6_15EmbeddingEngine11embed_batch00Ba_
FNDA:0,_RNCNCNvMNtNtCsbzaEwEzTUoA_11context_mcp9embedding6engineNtB6_15EmbeddingEngine11embed_batch0s0_0Ba_
FNDA:0,_RNCNCNvMNtNtCsbzaEwEzTUoA_11context_mcp9embedding6engineNtB6_15EmbeddingEngine11embed_batch0s1_0Ba_
FNDA:0,_RNCNCNvMNtNtCsbzaEwEzTUoA_11context_mcp9embedding6engineNtB6_15EmbeddingEngine11embed_batch0s2_0Ba_
FNDA:0,_RNCNCNvMNtNtCsbzaEwEzTUoA_11context_mcp9embedding6engineNtB6_15EmbeddingEngine11embed_batch0s3_0Ba_
FNDA:0,_RNCNCNvMNtNtCsbzaEwEzTUoA_11context_mcp9embedding6engineNtB6_15EmbeddingEngine11embed_batch0s4_0Ba_
FNDA:0,_RNCNCNvMNtNtCsbzaEwEzTUoA_11context_mcp9embedding6engineNtB6_15EmbeddingEngine11embed_batch0s5_0Ba_
FNDA:0,_RNCNCNvMNtNtCsbzaEwEzTUoA_11context_mcp9embedding6engineNtB6_15EmbeddingEngine11embed_batch0s6_0Ba_
FNDA:0,_RNCNCNvMNtNtCsbzaEwEzTUoA_11context_mcp9embedding6engineNtB6_15EmbeddingEngine11embed_batch0s7_0Ba_
FNDA:0,_RNCNCNvMNtNtCsbzaEwEzTUoA_11context_mcp9embedding6engineNtB6_15EmbeddingEngine11embed_batch0s8_0Ba_
FNDA:0,_RNCNCNvMNtNtCsbzaEwEzTUoA_11context_mcp9embedding6engineNtB6_15EmbeddingEngine11embed_batch0s9_0Ba_
FNDA:0,_RNCNCNvMNtNtCsbzaEwEzTUoA_11context_mcp9embedding6engineNtB6_15EmbeddingEngine11embed_batch0s_0Ba_
FNDA:0,_RNCNCNvMNtNtCsbzaEwEzTUoA_11context_mcp9embedding6engineNtB6_15EmbeddingEngine11embed_batch0sa_0Ba_
FNDA:0,_RNCNCNvMNtNtCsbzaEwEzTUoA_11context_mcp9embedding6engineNtB6_15EmbeddingEngine3new00Ba_
FNDA:0,_RNCNCNvMNtNtCsbzaEwEzTUoA_11context_mcp9embedding6engineNtB6_15EmbeddingEngine5embed00Ba_
FNDA:0,_RNCNvMNtNtCsbzaEwEzTUoA_11context_mcp9embedding6engineNtB4_15EmbeddingEngine11embed_batch0B8_
FNDA:0,_RNCNvMNtNtCsbzaEwEzTUoA_11context_mcp9embedding6engineNtB4_15EmbeddingEngine14create_session0B8_
FNDA:0,_RNCNvMNtNtCsbzaEwEzTUoA_11context_mcp9embedding6engineNtB4_15EmbeddingEngine14create_sessions0_0B8_
FNDA:0,_RNCNvMNtNtCsbzaEwEzTUoA_11context_mcp9embedding6engineNtB4_15EmbeddingEngine14create_sessions1_0B8_
FNDA:0,_RNCNvMNtNtCsbzaEwEzTUoA_11context_mcp9embedding6engineNtB4_15EmbeddingEngine14create_sessions_0B8_
FNDA:397,_RNCNvMNtNtCsbzaEwEzTUoA_11context_mcp9embedding6engineNtB4_15EmbeddingEngine16normalize_vector0B8_
FNDA:393,_RNCNvMNtNtCsbzaEwEzTUoA_11context_mcp9embedding6engineNtB4_15EmbeddingEngine16normalize_vectors_0B8_
FNDA:11,_RNCNvMNtNtCsbzaEwEzTUoA_11context_mcp9embedding6engineNtB4_15EmbeddingEngine3new0B8_
FNDA:0,_RNCNvMNtNtCsbzaEwEzTUoA_11context_mcp9embedding6engineNtB4_15EmbeddingEngine5embed0B8_
FNF:145
FNH:99
DA:91,11
DA:92,11
DA:93,11
DA:94,11
DA:97,11
DA:98,10
DA:99,10
DA:100,10
DA:101,10
DA:102,1
DA:104,1
DA:105,1
DA:106,1
DA:107,1
DA:108,1
DA:109,0
DA:112,0
DA:115,0
DA:116,0
DA:119,0
DA:121,0
DA:122,0
DA:123,0
DA:125,0
DA:126,0
DA:127,0
DA:128,0
DA:129,0
DA:130,0
DA:131,11
DA:134,0
DA:135,0
DA:137,0
DA:138,0
DA:139,0
DA:140,0
DA:141,0
DA:142,0
DA:143,0
DA:144,0
DA:145,0
DA:146,0
DA:147,0
DA:148,0
DA:150,0
DA:151,0
DA:152,0
DA:167,0
DA:168,0
DA:170,0
DA:172,0
DA:173,0
DA:174,0
DA:175,0
DA:176,0
DA:194,0
DA:195,0
DA:197,0
DA:198,0
DA:199,0
DA:202,0
DA:203,0
DA:204,0
DA:205,0
DA:206,0
DA:210,0
DA:211,0
DA:214,0
DA:215,0
DA:216,0
DA:218,0
DA:219,0
DA:220,0
DA:221,0
DA:224,0
DA:225,0
DA:226,0
DA:227,0
DA:228,0
DA:230,0
DA:236,0
DA:237,0
DA:238,0
DA:239,0
DA:241,0
DA:242,0
DA:243,0
DA:245,0
DA:246,0
DA:247,0
DA:249,0
DA:250,0
DA:251,0
DA:253,0
DA:254,0
DA:255,0
DA:258,0
DA:259,0
DA:260,0
DA:261,0
DA:262,0
DA:263,0
DA:264,0
DA:265,0
DA:266,0
DA:269,0
DA:270,0
DA:271,0
DA:272,0
DA:273,0
DA:274,0
DA:275,0
DA:276,0
DA:279,0
DA:280,0
DA:281,0
DA:282,0
DA:283,0
DA:285,0
DA:286,0
DA:287,0
DA:289,0
DA:291,0
DA:292,0
DA:293,0
DA:294,0
DA:295,0
DA:296,0
DA:298,0
DA:301,0
DA:303,0
DA:304,0
DA:305,0
DA:307,0
DA:308,0
DA:309,0
DA:310,0
DA:311,0
DA:312,0
DA:315,0
DA:317,0
DA:318,0
DA:319,0
DA:320,0
DA:324,0
DA:326,0
DA:327,0
DA:330,7
DA:331,397
DA:333,7
DA:335,2
DA:336,2
DA:337,5
DA:339,393
DA:340,7
DA:343,0
DA:344,0
DA:345,0
DA:348,0
DA:349,0
DA:350,0
DA:353,0
DA:354,0
DA:355,0
DA:381,0
DA:383,0
DA:385,0
DA:387,0
DA:389,0
DA:390,0
DA:391,0
DA:393,0
DA:394,0
DA:395,0
DA:397,0
DA:398,0
DA:399,0
DA:412,1
DA:413,1
DA:415,1
DA:416,1
DA:417,1
DA:418,1
DA:419,1
DA:420,1
DA:421,1
DA:422,1
DA:423,1
DA:424,1
DA:426,1
DA:427,1
DA:428,1
DA:429,1
DA:430,1
DA:431,1
DA:434,1
DA:435,1
DA:437,1
DA:438,1
DA:439,1
DA:440,1
DA:441,1
DA:442,1
DA:443,2
DA:444,2
DA:445,2
DA:446,2
DA:449,2
DA:450,1
DA:451,1
DA:453,1
DA:454,1
DA:455,1
DA:456,1
DA:457,1
DA:458,1
DA:459,1
DA:462,1
DA:463,1
DA:465,1
DA:467,1
DA:469,1
DA:470,1
DA:471,1
DA:472,1
DA:475,1
DA:476,1
DA:478,1
DA:480,1
DA:481,1
DA:482,1
DA:485,1
DA:486,1
DA:488,1
DA:489,1
DA:490,1
DA:491,1
DA:492,1
DA:493,1
DA:495,1
DA:497,1
DA:498,1
DA:499,1
DA:500,1
DA:503,1
DA:504,1
DA:506,1
DA:507,1
DA:508,1
DA:510,1
DA:511,1
DA:512,1
DA:513,1
DA:515,1
DA:516,1
DA:517,1
DA:520,1
DA:521,1
DA:522,1
DA:523,384
DA:524,1
DA:525,1
DA:526,1
DA:527,1
DA:530,1
DA:531,1
DA:533,1
DA:534,1
DA:535,1
DA:537,1
DA:538,1
DA:539,1
DA:540,1
DA:541,1
DA:542,1
DA:543,1
DA:546,1
DA:547,1
DA:549,1
DA:550,1
DA:551,1
DA:553,1
DA:554,1
DA:555,1
DA:556,1
DA:557,1
DA:558,1
DA:559,1
DA:562,1
DA:563,1
DA:565,1
DA:566,1
DA:567,1
DA:568,1
DA:570,1
DA:571,1
DA:572,1
DA:573,1
DA:574,1
DA:577,1
DA:578,1
DA:581,1
DA:583,1
DA:584,1
DA:585,1
DA:586,1
DA:587,1
DA:588,1
DA:589,1
DA:590,1
DA:591,1
DA:593,1
DA:594,1
DA:595,1
DA:596,1
DA:597,1
DA:598,1
DA:599,1
DA:602,1
DA:607,10
DA:608,10
DA:609,10
DA:610,10
DA:611,10
DA:612,10
DA:613,10
DA:614,10
DA:615,10
DA:616,10
DA:617,10
DA:618,10
DA:620,10
DA:621,10
DA:622,10
DA:623,10
DA:624,1
DA:627,11
DA:628,10
DA:629,10
DA:630,10
DA:631,10
DA:632,1
DA:633,1
DA:641,0
DA:647,0
DA:648,0
DA:649,0
DA:650,0
DA:651,0
DA:652,0
DA:654,0
DA:657,0
DA:658,0
DA:659,0
DA:660,0
DA:662,0
DA:663,0
DA:665,0
DA:668,0
DA:669,0
DA:670,0
DA:671,0
DA:674,0
DA:675,0
DA:676,0
DA:677,0
DA:678,0
DA:679,0
DA:680,0
DA:681,0
DA:685,0
DA:686,0
DA:687,0
DA:688,0
DA:689,0
DA:690,0
DA:691,0
DA:693,0
DA:695,0
DA:696,0
DA:697,0
DA:698,0
DA:700,0
DA:701,0
DA:703,0
DA:706,0
DA:707,0
DA:708,0
DA:711,0
DA:712,0
DA:713,0
DA:714,0
DA:715,0
DA:716,0
DA:718,0
DA:719,0
DA:720,0
DA:721,0
DA:722,0
DA:723,0
DA:726,0
DA:727,0
DA:728,0
DA:732,0
DA:733,0
DA:734,0
DA:735,0
DA:736,0
DA:737,0
DA:741,0
DA:742,0
DA:743,0
DA:744,0
DA:745,0
DA:746,0
DA:747,0
DA:749,0
DA:751,0
DA:752,0
DA:753,0
DA:754,0
DA:756,0
DA:757,0
DA:759,0
DA:762,0
DA:763,0
DA:764,0
DA:766,0
DA:767,0
DA:769,0
DA:770,0
DA:771,0
DA:772,0
DA:773,0
DA:774,0
DA:775,0
DA:776,0
DA:777,0
DA:778,0
DA:779,0
DA:780,0
DA:781,0
DA:785,0
DA:786,0
DA:787,0
DA:788,0
DA:789,0
DA:790,0
DA:791,0
DA:793,0
DA:795,0
DA:796,0
DA:797,0
DA:798,0
DA:800,0
DA:801,0
DA:803,0
DA:806,0
DA:807,0
DA:809,0
DA:810,0
DA:812,0
DA:813,0
DA:815,0
DA:816,0
DA:817,0
DA:818,0
DA:825,1
DA:826,1
DA:827,1
DA:829,1
DA:830,1
DA:831,1
DA:834,2
DA:835,1
DA:836,1
DA:839,1
DA:840,1
DA:841,1
DA:843,1
DA:844,1
DA:851,1
DA:852,1
DA:853,1
DA:854,1
DA:855,1
DA:856,1
DA:857,1
DA:859,1
DA:860,1
DA:861,1
DA:862,1
DA:863,1
DA:864,1
DA:865,1
DA:866,1
DA:867,1
DA:870,1
DA:872,1
DA:873,1
DA:874,1
DA:876,1
DA:877,1
DA:878,1
DA:879,1
DA:880,1
DA:881,1
DA:883,1
DA:884,1
DA:885,1
DA:886,1
DA:887,1
DA:888,1
DA:889,1
DA:890,1
DA:891,1
DA:892,1
DA:893,1
DA:894,1
DA:897,1
DA:899,1
DA:900,1
DA:902,1
DA:905,384
DA:906,1
DA:909,1
DA:910,385
DA:911,384
DA:913,1
DA:916,1
DA:917,1
DA:918,1
DA:920,1
DA:921,1
DA:922,1
DA:925,2
DA:926,1
DA:927,1
DA:930,1
DA:931,1
DA:932,1
DA:934,1
DA:937,4
DA:938,1
DA:941,1
DA:942,1
DA:943,1
DA:944,1
DA:945,1
DA:946,1
DA:949,1
DA:951,1
DA:952,1
DA:955,1
DA:956,1
DA:959,1
DA:960,1
DA:961,1
DA:963,1
DA:964,1
DA:965,1
DA:972,1
DA:973,1
DA:974,1
DA:978,1
DA:979,1
DA:980,1
DA:981,1
DA:982,1
DA:983,1
DA:990,1
DA:991,1
DA:992,1
DA:993,1
DA:996,1
DA:997,1
DA:998,1
DA:999,1
DA:1006,1
DA:1009,1
DA:1011,1
DA:1012,1
DA:1013,1
DA:1014,1
DA:1016,1
DA:1017,1
DA:1018,1
DA:1019,1
DA:1020,1
DA:1027,1
DA:1028,1
DA:1030,1
DA:1031,1
DA:1032,1
DA:1033,1
DA:1034,1
DA:1035,1
DA:1036,1
DA:1037,1
DA:1038,1
DA:1039,1
DA:1041,1
DA:1042,1
DA:1043,1
DA:1044,1
DA:1045,1
DA:1046,1
DA:1049,1
DA:1050,1
DA:1052,1
DA:1054,1
DA:1055,1
DA:1056,1
DA:1057,1
DA:1058,1
DA:1059,1
DA:1060,1
DA:1061,1
DA:1062,1
DA:1064,1
DA:1065,1
DA:1066,1
DA:1067,1
DA:1068,1
DA:1071,1
DA:1072,1
DA:1074,1
DA:1076,1
DA:1077,1
DA:1078,1
DA:1079,1
DA:1082,1
DA:1083,1
DA:1084,1
DA:1085,1
DA:1086,1
DA:1087,5
DA:1088,5
DA:1089,5
DA:1090,5
DA:1093,5
DA:1094,1
DA:1095,1
DA:1097,5
DA:1098,1
DA:1099,1
DA:1100,1
DA:1101,1
DA:1102,1
DA:1105,1
DA:1106,1
DA:1109,1
DA:1111,1
DA:1112,1
DA:1113,1
DA:1114,1
DA:1115,1
DA:1116,1
DA:1117,1
DA:1118,1
DA:1119,1
DA:1121,1
DA:1122,1
DA:1123,1
DA:1124,1
DA:1125,1
DA:1126,1
DA:1129,1
DA:1130,1
DA:1132,1
DA:1134,1
DA:1135,1
DA:1138,1
DA:1139,1
DA:1140,1
DA:1141,1
DA:1142,1
DA:1143,1
DA:1144,3
DA:1145,3
DA:1146,1
DA:1147,1
DA:1148,1
DA:1149,0
DA:1151,3
DA:1152,3
DA:1153,3
DA:1154,3
DA:1156,3
DA:1157,1
DA:1158,1
DA:1160,1
DA:1161,1
DA:1162,1
DA:1163,1
DA:1164,1
DA:1165,1
DA:1166,1
DA:1167,1
DA:1174,1
DA:1175,1
DA:1177,1
DA:1178,1
DA:1179,1
DA:1180,1
DA:1181,1
DA:1182,1
DA:1183,1
DA:1185,1
DA:1186,1
DA:1187,1
DA:1188,1
DA:1189,1
DA:1190,1
DA:1191,1
DA:1192,1
DA:1193,1
DA:1196,1
DA:1197,1
DA:1199,1
DA:1200,1
DA:1201,1
DA:1202,1
DA:1203,1
DA:1204,1
DA:1205,1
DA:1207,1
DA:1208,1
DA:1209,1
DA:1210,1
DA:1211,1
DA:1212,1
DA:1213,1
DA:1214,1
DA:1215,1
DA:1218,1
DA:1221,1
DA:1223,1
DA:1224,1
DA:1225,1
DA:1226,1
DA:1227,1
DA:1228,1
DA:1229,1
DA:1231,1
DA:1232,1
DA:1233,1
DA:1234,1
DA:1235,1
DA:1236,1
DA:1237,1
DA:1238,1
DA:1239,1
DA:1246,1
DA:1250,1
DA:1254,1
DA:1255,1
DA:1256,1
DA:1257,1
DA:1258,10
DA:1259,10
DA:1260,10
DA:1261,10
DA:1262,10
DA:1263,10
DA:1264,10
DA:1267,1
DA:1268,10
DA:1269,10
DA:1270,10
DA:1271,10
DA:1272,10
DA:1273,10
DA:1274,10
DA:1275,10
DA:1276,1
DA:1278,1
DA:1280,11
DA:1281,10
DA:1282,10
DA:1283,10
DA:1284,10
DA:1285,1
DA:1286,1
DA:1293,1
DA:1295,1
DA:1297,1
DA:1298,1
DA:1299,1
DA:1302,1
DA:1303,1
DA:1304,1
DA:1305,1
DA:1306,1
DA:1307,1
DA:1310,1
DA:1311,1
DA:1313,1
DA:1314,1
DA:1316,1
DA:1317,1
DA:1318,1
BRF:0
BRH:0
LF:971
LH:630
end_of_record
SF:/home/tsk/sync/git/lsp_mcp/src/embedding/types.rs
FN:26,_RNvNtNtCsbzaEwEzTUoA_11context_mcp9embedding5types18default_batch_size
FN:22,_RNvNtNtCsbzaEwEzTUoA_11context_mcp9embedding5types18default_max_length
FN:106,_RNvMs0_NtNtCsbzaEwEzTUoA_11context_mcp9embedding5typesNtB5_9Embedding13is_normalized
FN:92,_RNvMs0_NtNtCsbzaEwEzTUoA_11context_mcp9embedding5typesNtB5_9Embedding3new
FN:101,_RNvMs0_NtNtCsbzaEwEzTUoA_11context_mcp9embedding5typesNtB5_9Embedding9dimension
FN:65,_RNvMs_NtNtCsbzaEwEzTUoA_11context_mcp9embedding5typesNtB4_9ModelInfo17all_mini_lm_l6_v2
FN:31,_RNvXNtNtCsbzaEwEzTUoA_11context_mcp9embedding5typesNtB2_15EmbeddingConfigNtNtCs4Vq2ZLagKfv_4core7default7Default7default
FN:107,_RNCNvMs0_NtNtCsbzaEwEzTUoA_11context_mcp9embedding5typesNtB7_9Embedding13is_normalized0Bb_
FN:124,_RNvNtNtNtCsbzaEwEzTUoA_11context_mcp9embedding5types5testss_24test_model_info_creation
FN:117,_RNvNtNtNtCsbzaEwEzTUoA_11context_mcp9embedding5types5testss_29test_embedding_config_default
FN:131,_RNvNtNtNtCsbzaEwEzTUoA_11context_mcp9embedding5types5testss_34test_embedding_normalization_check
FNDA:0,_RNvNtNtCsbzaEwEzTUoA_11context_mcp9embedding5types18default_batch_size
FNDA:0,_RNvNtNtCsbzaEwEzTUoA_11context_mcp9embedding5types18default_max_length
FNDA:2,_RNvMs0_NtNtCsbzaEwEzTUoA_11context_mcp9embedding5typesNtB5_9Embedding13is_normalized
FNDA:53,_RNvMs0_NtNtCsbzaEwEzTUoA_11context_mcp9embedding5typesNtB5_9Embedding3new
FNDA:24,_RNvMs0_NtNtCsbzaEwEzTUoA_11context_mcp9embedding5typesNtB5_9Embedding9dimension
FNDA:4,_RNvMs_NtNtCsbzaEwEzTUoA_11context_mcp9embedding5typesNtB4_9ModelInfo17all_mini_lm_l6_v2
FNDA:1,_RNvXNtNtCsbzaEwEzTUoA_11context_mcp9embedding5typesNtB2_15EmbeddingConfigNtNtCs4Vq2ZLagKfv_4core7default7Default7default
FNDA:4,_RNCNvMs0_NtNtCsbzaEwEzTUoA_11context_mcp9embedding5typesNtB7_9Embedding13is_normalized0Bb_
FNDA:1,_RNvNtNtNtCsbzaEwEzTUoA_11context_mcp9embedding5types5testss_24test_model_info_creation
FNDA:1,_RNvNtNtNtCsbzaEwEzTUoA_11context_mcp9embedding5types5testss_29test_embedding_config_default
FNDA:1,_RNvNtNtNtCsbzaEwEzTUoA_11context_mcp9embedding5types5testss_34test_embedding_normalization_check
FNF:11
FNH:9
DA:22,0
DA:23,0
DA:24,0
DA:26,0
DA:27,0
DA:28,0
DA:31,1
DA:32,1
DA:33,1
DA:34,1
DA:35,1
DA:36,1
DA:37,1
DA:38,1
DA:65,4
DA:66,4
DA:67,4
DA:68,4
DA:69,4
DA:70,4
DA:71,4
DA:72,4
DA:73,4
DA:74,4
DA:92,53
DA:93,53
DA:94,53
DA:95,53
DA:96,53
DA:97,53
DA:98,53
DA:101,24
DA:102,24
DA:103,24
DA:106,2
DA:107,4
DA:108,2
DA:109,2
DA:117,1
DA:118,1
DA:119,1
DA:120,1
DA:121,1
DA:124,1
DA:125,1
DA:126,1
DA:127,1
DA:128,1
DA:131,1
DA:133,1
DA:134,1
DA:137,1
DA:138,1
DA:139,1
BRF:0
BRH:0
LF:55
LH:49
end_of_record
SF:/home/tsk/sync/git/lsp_mcp/src/error.rs
FN:61,_RNvXNtCsbzaEwEzTUoA_11context_mcp5errorNtNtCs5UFPd7IvLQd_4rmcp5model9ErrorDataINtNtCs4Vq2ZLagKfv_4core7convert4FromNtB2_15ContextMcpErrorE4from
FN:139,_RNvNtNtCsbzaEwEzTUoA_11context_mcp5error5testss_22test_mcp_error_variant
FN:357,_RNvNtNtCsbzaEwEzTUoA_11context_mcp5error5testss_24test_error_code_mappings
FN:193,_RNvNtNtCsbzaEwEzTUoA_11context_mcp5error5testss_24test_io_error_conversion
FN:145,_RNvNtNtCsbzaEwEzTUoA_11context_mcp5error5testss_24test_parse_error_variant
FN:133,_RNvNtNtCsbzaEwEzTUoA_11context_mcp5error5testss_25test_config_error_variant
FN:169,_RNvNtNtCsbzaEwEzTUoA_11context_mcp5error5testss_25test_search_error_variant
FN:151,_RNvNtNtCsbzaEwEzTUoA_11context_mcp5error5testss_27test_database_error_variant
FN:163,_RNvNtNtCsbzaEwEzTUoA_11context_mcp5error5testss_27test_indexing_error_variant
FN:187,_RNvNtNtCsbzaEwEzTUoA_11context_mcp5error5testss_27test_internal_error_variant
FN:289,_RNvNtNtCsbzaEwEzTUoA_11context_mcp5error5testss_27test_io_error_to_error_data
FN:201,_RNvNtNtCsbzaEwEzTUoA_11context_mcp5error5testss_28test_anyhow_error_conversion
FN:157,_RNvNtNtCsbzaEwEzTUoA_11context_mcp5error5testss_28test_embedding_error_variant
FN:221,_RNvNtNtCsbzaEwEzTUoA_11context_mcp5error5testss_28test_mcp_error_to_error_data
FN:181,_RNvNtNtCsbzaEwEzTUoA_11context_mcp5error5testss_30test_file_system_error_variant
FN:308,_RNvNtNtCsbzaEwEzTUoA_11context_mcp5error5testss_30test_other_error_to_error_data
FN:229,_RNvNtNtCsbzaEwEzTUoA_11context_mcp5error5testss_30test_parse_error_to_error_data
FN:175,_RNvNtNtCsbzaEwEzTUoA_11context_mcp5error5testss_30test_tree_sitter_error_variant
FN:212,_RNvNtNtCsbzaEwEzTUoA_11context_mcp5error5testss_31test_config_error_to_error_data
FN:263,_RNvNtNtCsbzaEwEzTUoA_11context_mcp5error5testss_31test_search_error_to_error_data
FN:238,_RNvNtNtCsbzaEwEzTUoA_11context_mcp5error5testss_33test_database_error_to_error_data
FN:255,_RNvNtNtCsbzaEwEzTUoA_11context_mcp5error5testss_33test_indexing_error_to_error_data
FN:299,_RNvNtNtCsbzaEwEzTUoA_11context_mcp5error5testss_33test_internal_error_to_error_data
FN:247,_RNvNtNtCsbzaEwEzTUoA_11context_mcp5error5testss_34test_embedding_error_to_error_data
FN:322,_RNvNtNtCsbzaEwEzTUoA_11context_mcp5error5testss_35test_error_messages_contain_context
FN:280,_RNvNtNtCsbzaEwEzTUoA_11context_mcp5error5testss_36test_file_system_error_to_error_data
FN:271,_RNvNtNtCsbzaEwEzTUoA_11context_mcp5error5testss_36test_tree_sitter_error_to_error_data
FNDA:19,_RNvXNtCsbzaEwEzTUoA_11context_mcp5errorNtNtCs5UFPd7IvLQd_4rmcp5model9ErrorDataINtNtCs4Vq2ZLagKfv_4core7convert4FromNtB2_15ContextMcpErrorE4from
FNDA:1,_RNvNtNtCsbzaEwEzTUoA_11context_mcp5error5testss_22test_mcp_error_variant
FNDA:1,_RNvNtNtCsbzaEwEzTUoA_11context_mcp5error5testss_24test_error_code_mappings
FNDA:1,_RNvNtNtCsbzaEwEzTUoA_11context_mcp5error5testss_24test_io_error_conversion
FNDA:1,_RNvNtNtCsbzaEwEzTUoA_11context_mcp5error5testss_24test_parse_error_variant
FNDA:1,_RNvNtNtCsbzaEwEzTUoA_11context_mcp5error5testss_25test_config_error_variant
FNDA:1,_RNvNtNtCsbzaEwEzTUoA_11context_mcp5error5testss_25test_search_error_variant
FNDA:1,_RNvNtNtCsbzaEwEzTUoA_11context_mcp5error5testss_27test_database_error_variant
FNDA:1,_RNvNtNtCsbzaEwEzTUoA_11context_mcp5error5testss_27test_indexing_error_variant
FNDA:1,_RNvNtNtCsbzaEwEzTUoA_11context_mcp5error5testss_27test_internal_error_variant
FNDA:1,_RNvNtNtCsbzaEwEzTUoA_11context_mcp5error5testss_27test_io_error_to_error_data
FNDA:1,_RNvNtNtCsbzaEwEzTUoA_11context_mcp5error5testss_28test_anyhow_error_conversion
FNDA:1,_RNvNtNtCsbzaEwEzTUoA_11context_mcp5error5testss_28test_embedding_error_variant
FNDA:1,_RNvNtNtCsbzaEwEzTUoA_11context_mcp5error5testss_28test_mcp_error_to_error_data
FNDA:1,_RNvNtNtCsbzaEwEzTUoA_11context_mcp5error5testss_30test_file_system_error_variant
FNDA:1,_RNvNtNtCsbzaEwEzTUoA_11context_mcp5error5testss_30test_other_error_to_error_data
FNDA:1,_RNvNtNtCsbzaEwEzTUoA_11context_mcp5error5testss_30test_parse_error_to_error_data
FNDA:1,_RNvNtNtCsbzaEwEzTUoA_11context_mcp5error5testss_30test_tree_sitter_error_variant
FNDA:1,_RNvNtNtCsbzaEwEzTUoA_11context_mcp5error5testss_31test_config_error_to_error_data
FNDA:1,_RNvNtNtCsbzaEwEzTUoA_11context_mcp5error5testss_31test_search_error_to_error_data
FNDA:1,_RNvNtNtCsbzaEwEzTUoA_11context_mcp5error5testss_33test_database_error_to_error_data
FNDA:1,_RNvNtNtCsbzaEwEzTUoA_11context_mcp5error5testss_33test_indexing_error_to_error_data
FNDA:1,_RNvNtNtCsbzaEwEzTUoA_11context_mcp5error5testss_33test_internal_error_to_error_data
FNDA:1,_RNvNtNtCsbzaEwEzTUoA_11context_mcp5error5testss_34test_embedding_error_to_error_data
FNDA:1,_RNvNtNtCsbzaEwEzTUoA_11context_mcp5error5testss_35test_error_messages_contain_context
FNDA:1,_RNvNtNtCsbzaEwEzTUoA_11context_mcp5error5testss_36test_file_system_error_to_error_data
FNDA:1,_RNvNtNtCsbzaEwEzTUoA_11context_mcp5error5testss_36test_tree_sitter_error_to_error_data
FNF:27
FNH:27
DA:61,19
DA:65,19
DA:66,3
DA:67,3
DA:68,3
DA:69,3
DA:70,3
DA:71,1
DA:72,1
DA:73,1
DA:74,1
DA:75,1
DA:76,2
DA:77,2
DA:78,2
DA:79,2
DA:80,2
DA:81,3
DA:82,3
DA:83,3
DA:84,3
DA:85,3
DA:86,2
DA:87,1
DA:88,4
DA:89,4
DA:90,4
DA:91,4
DA:92,4
DA:93,2
DA:94,2
DA:95,2
DA:96,2
DA:97,2
DA:98,1
DA:99,1
DA:100,1
DA:101,1
DA:102,1
DA:103,1
DA:104,1
DA:105,1
DA:106,1
DA:107,1
DA:108,1
DA:109,1
DA:110,1
DA:111,1
DA:112,1
DA:113,1
DA:114,1
DA:115,1
DA:116,1
DA:117,1
DA:119,19
DA:133,1
DA:134,1
DA:135,1
DA:136,1
DA:139,1
DA:140,1
DA:141,1
DA:142,1
DA:145,1
DA:146,1
DA:147,1
DA:148,1
DA:151,1
DA:152,1
DA:153,1
DA:154,1
DA:157,1
DA:158,1
DA:159,1
DA:160,1
DA:163,1
DA:164,1
DA:165,1
DA:166,1
DA:169,1
DA:170,1
DA:171,1
DA:172,1
DA:175,1
DA:176,1
DA:177,1
DA:178,1
DA:181,1
DA:182,1
DA:183,1
DA:184,1
DA:187,1
DA:188,1
DA:189,1
DA:190,1
DA:193,1
DA:194,1
DA:195,1
DA:196,1
DA:197,1
DA:198,1
DA:201,1
DA:202,1
DA:203,1
DA:204,1
DA:205,1
DA:212,1
DA:213,1
DA:214,1
DA:215,1
DA:216,1
DA:217,1
DA:218,1
DA:221,1
DA:222,1
DA:223,1
DA:224,1
DA:225,1
DA:226,1
DA:229,1
DA:230,1
DA:231,1
DA:232,1
DA:233,1
DA:234,1
DA:235,1
DA:238,1
DA:239,1
DA:240,1
DA:241,1
DA:242,1
DA:243,1
DA:244,1
DA:247,1
DA:248,1
DA:249,1
DA:250,1
DA:251,1
DA:252,1
DA:255,1
DA:256,1
DA:257,1
DA:258,1
DA:259,1
DA:260,1
DA:263,1
DA:264,1
DA:265,1
DA:266,1
DA:267,1
DA:268,1
DA:271,1
DA:272,1
DA:273,1
DA:274,1
DA:275,1
DA:276,1
DA:277,1
DA:280,1
DA:281,1
DA:282,1
DA:283,1
DA:284,1
DA:285,1
DA:286,1
DA:289,1
DA:290,1
DA:291,1
DA:292,1
DA:293,1
DA:294,1
DA:295,1
DA:296,1
DA:299,1
DA:300,1
DA:301,1
DA:302,1
DA:303,1
DA:304,1
DA:305,1
DA:308,1
DA:309,1
DA:310,1
DA:311,1
DA:312,1
DA:313,1
DA:314,1
DA:315,1
DA:322,1
DA:324,1
DA:325,1
DA:326,1
DA:327,1
DA:328,1
DA:329,1
DA:330,1
DA:331,1
DA:332,1
DA:333,1
DA:334,1
DA:335,1
DA:336,1
DA:339,4
DA:340,3
DA:341,9
DA:342,6
DA:343,6
DA:344,0
DA:350,1
DA:357,1
DA:359,1
DA:360,1
DA:361,1
DA:362,1
DA:363,1
DA:364,1
DA:365,1
DA:366,1
DA:367,1
DA:368,1
DA:369,1
DA:370,1
DA:371,1
DA:372,1
DA:373,1
DA:374,1
DA:375,1
DA:378,5
DA:379,4
DA:380,4
DA:382,1
BRF:0
BRH:0
LF:231
LH:230
end_of_record
SF:/home/tsk/sync/git/lsp_mcp/src/indexing/file_scanner.rs
FN:216,_RNCNCNvNtNtNtCsbzaEwEzTUoA_11context_mcp8indexing12file_scanner5testss_15test_scan_basic00Bb_
FN:242,_RNCNCNvNtNtNtCsbzaEwEzTUoA_11context_mcp8indexing12file_scanner5testss_24test_scan_with_documents00Bb_
FN:268,_RNCNCNvNtNtNtCsbzaEwEzTUoA_11context_mcp8indexing12file_scanner5testss_30test_scan_with_language_filter00Bb_
FN:216,_RNCNvNtNtNtCsbzaEwEzTUoA_11context_mcp8indexing12file_scanner5testss_15test_scan_basic0B9_
FN:242,_RNCNvNtNtNtCsbzaEwEzTUoA_11context_mcp8indexing12file_scanner5testss_24test_scan_with_documents0B9_
FN:268,_RNCNvNtNtNtCsbzaEwEzTUoA_11context_mcp8indexing12file_scanner5testss_30test_scan_with_language_filter0B9_
FN:165,_RNvNtNtNtCsbzaEwEzTUoA_11context_mcp8indexing12file_scanner5tests19create_test_project
FN:199,_RNvNtNtNtCsbzaEwEzTUoA_11context_mcp8indexing12file_scanner5testss_15test_scan_basic
FN:290,_RNvNtNtNtCsbzaEwEzTUoA_11context_mcp8indexing12file_scanner5testss_16test_count_files
FN:275,_RNvNtNtNtCsbzaEwEzTUoA_11context_mcp8indexing12file_scanner5testss_21test_detect_languages
FN:227,_RNvNtNtNtCsbzaEwEzTUoA_11context_mcp8indexing12file_scanner5testss_24test_scan_with_documents
FN:249,_RNvNtNtNtCsbzaEwEzTUoA_11context_mcp8indexing12file_scanner5testss_30test_scan_with_language_filter
FN:303,_RNvNtNtNtCsbzaEwEzTUoA_11context_mcp8indexing12file_scanner5testss_31test_scan_nonexistent_directory
FN:154,_RNCNvMNtNtCsbzaEwEzTUoA_11context_mcp8indexing12file_scannerNtB4_11FileScanner16detect_languages0B8_
FN:128,_RNvMNtNtCsbzaEwEzTUoA_11context_mcp8indexing12file_scannerNtB2_11FileScanner11count_files
FN:134,_RNvMNtNtCsbzaEwEzTUoA_11context_mcp8indexing12file_scannerNtB2_11FileScanner16detect_languages
FN:98,_RNvMNtNtCsbzaEwEzTUoA_11context_mcp8indexing12file_scannerNtB2_11FileScanner19should_include_file
FN:27,_RNvMNtNtCsbzaEwEzTUoA_11context_mcp8indexing12file_scannerNtB2_11FileScanner4scan
FNDA:3,_RNCNCNvNtNtNtCsbzaEwEzTUoA_11context_mcp8indexing12file_scanner5testss_15test_scan_basic00Bb_
FNDA:4,_RNCNCNvNtNtNtCsbzaEwEzTUoA_11context_mcp8indexing12file_scanner5testss_24test_scan_with_documents00Bb_
FNDA:3,_RNCNCNvNtNtNtCsbzaEwEzTUoA_11context_mcp8indexing12file_scanner5testss_30test_scan_with_language_filter00Bb_
FNDA:3,_RNCNvNtNtNtCsbzaEwEzTUoA_11context_mcp8indexing12file_scanner5testss_15test_scan_basic0B9_
FNDA:4,_RNCNvNtNtNtCsbzaEwEzTUoA_11context_mcp8indexing12file_scanner5testss_24test_scan_with_documents0B9_
FNDA:3,_RNCNvNtNtNtCsbzaEwEzTUoA_11context_mcp8indexing12file_scanner5testss_30test_scan_with_language_filter0B9_
FNDA:5,_RNvNtNtNtCsbzaEwEzTUoA_11context_mcp8indexing12file_scanner5tests19create_test_project
FNDA:1,_RNvNtNtNtCsbzaEwEzTUoA_11context_mcp8indexing12file_scanner5testss_15test_scan_basic
FNDA:1,_RNvNtNtNtCsbzaEwEzTUoA_11context_mcp8indexing12file_scanner5testss_16test_count_files
FNDA:1,_RNvNtNtNtCsbzaEwEzTUoA_11context_mcp8indexing12file_scanner5testss_21test_detect_languages
FNDA:1,_RNvNtNtNtCsbzaEwEzTUoA_11context_mcp8indexing12file_scanner5testss_24test_scan_with_documents
FNDA:1,_RNvNtNtNtCsbzaEwEzTUoA_11context_mcp8indexing12file_scanner5testss_30test_scan_with_language_filter
FNDA:1,_RNvNtNtNtCsbzaEwEzTUoA_11context_mcp8indexing12file_scanner5testss_31test_scan_nonexistent_directory
FNDA:6,_RNCNvMNtNtCsbzaEwEzTUoA_11context_mcp8indexing12file_scannerNtB4_11FileScanner16detect_languages0B8_
FNDA:1,_RNvMNtNtCsbzaEwEzTUoA_11context_mcp8indexing12file_scannerNtB2_11FileScanner11count_files
FNDA:1,_RNvMNtNtCsbzaEwEzTUoA_11context_mcp8indexing12file_scannerNtB2_11FileScanner16detect_languages
FNDA:119,_RNvMNtNtCsbzaEwEzTUoA_11context_mcp8indexing12file_scannerNtB2_11FileScanner19should_include_file
FNDA:8,_RNvMNtNtCsbzaEwEzTUoA_11context_mcp8indexing12file_scannerNtB2_11FileScanner4scan
FNF:18
FNH:18
DA:27,8
DA:28,8
DA:29,1
DA:30,1
DA:31,1
DA:32,1
DA:33,7
DA:35,7
DA:36,0
DA:37,0
DA:38,0
DA:39,0
DA:40,7
DA:42,7
DA:43,7
DA:44,7
DA:45,7
DA:48,7
DA:49,7
DA:50,7
DA:51,7
DA:52,7
DA:53,7
DA:54,7
DA:57,7
DA:58,1
DA:59,2
DA:60,1
DA:61,0
DA:62,1
DA:64,1
DA:65,1
DA:66,1
DA:67,6
DA:69,7
DA:70,7
DA:72,198
DA:73,191
DA:74,191
DA:75,191
DA:78,191
DA:79,72
DA:80,119
DA:83,119
DA:84,19
DA:85,100
DA:87,0
DA:88,0
DA:93,7
DA:94,7
DA:95,8
DA:98,119
DA:100,119
DA:101,94
DA:102,25
DA:106,94
DA:107,5
DA:108,89
DA:111,89
DA:114,89
DA:115,70
DA:116,19
DA:119,19
DA:120,5
DA:121,14
DA:124,14
DA:125,119
DA:128,1
DA:129,1
DA:130,1
DA:131,1
DA:134,1
DA:135,1
DA:136,1
DA:137,1
DA:138,1
DA:139,1
DA:141,1
DA:142,1
DA:144,6
DA:145,5
DA:146,5
DA:147,5
DA:148,5
DA:149,5
DA:150,0
DA:153,1
DA:154,6
DA:155,1
DA:156,1
DA:165,5
DA:166,5
DA:167,5
DA:170,5
DA:171,5
DA:172,5
DA:173,5
DA:174,5
DA:177,5
DA:178,5
DA:179,5
DA:181,5
DA:182,5
DA:184,5
DA:185,5
DA:188,5
DA:191,5
DA:192,5
DA:193,5
DA:195,5
DA:196,5
DA:199,1
DA:200,1
DA:201,1
DA:202,1
DA:203,1
DA:204,1
DA:205,1
DA:207,1
DA:212,1
DA:214,1
DA:215,1
DA:216,3
DA:217,1
DA:219,1
DA:220,1
DA:221,1
DA:222,1
DA:223,1
DA:224,1
DA:227,1
DA:228,1
DA:229,1
DA:230,1
DA:231,1
DA:232,1
DA:233,1
DA:235,1
DA:238,1
DA:240,1
DA:241,1
DA:242,4
DA:243,1
DA:245,1
DA:246,1
DA:249,1
DA:250,1
DA:253,1
DA:255,1
DA:256,1
DA:257,1
DA:258,1
DA:259,1
DA:261,1
DA:264,1
DA:266,1
DA:267,1
DA:268,3
DA:269,1
DA:271,1
DA:272,1
DA:275,1
DA:276,1
DA:279,1
DA:280,1
DA:282,1
DA:284,1
DA:285,1
DA:286,1
DA:287,1
DA:290,1
DA:291,1
DA:292,1
DA:293,1
DA:294,1
DA:295,1
DA:296,1
DA:298,1
DA:299,1
DA:300,1
DA:303,1
DA:304,1
DA:305,1
DA:306,1
DA:307,1
DA:308,1
DA:310,1
DA:311,1
DA:312,1
BRF:0
BRH:0
LF:196
LH:188
end_of_record
SF:/home/tsk/sync/git/lsp_mcp/src/indexing/service.rs
FN:188,_RNCNCNvMNtNtCsbzaEwEzTUoA_11context_mcp8indexing7serviceNtB6_15IndexingService10index_file00Ba_
FN:210,_RNCNCNvMNtNtCsbzaEwEzTUoA_11context_mcp8indexing7serviceNtB6_15IndexingService10index_file0s_0Ba_
FN:328,_RNCNCNvMNtNtCsbzaEwEzTUoA_11context_mcp8indexing7serviceNtB6_15IndexingService20index_files_parallel00Ba_
FN:349,_RNCNCNvMNtNtCsbzaEwEzTUoA_11context_mcp8indexing7serviceNtB6_15IndexingService20index_files_parallel0s_0Ba_
FN:151,_RNCNvMNtNtCsbzaEwEzTUoA_11context_mcp8indexing7serviceNtB4_15IndexingService10index_file0B8_
FN:423,_RNCNvMNtNtCsbzaEwEzTUoA_11context_mcp8indexing7serviceNtB4_15IndexingService11clear_index0B8_
FN:305,_RNCNvMNtNtCsbzaEwEzTUoA_11context_mcp8indexing7serviceNtB4_15IndexingService11index_files0B8_
FN:110,_RNCNvMNtNtCsbzaEwEzTUoA_11context_mcp8indexing7serviceNtB4_15IndexingService13index_project0B8_
FN:317,_RNCNvMNtNtCsbzaEwEzTUoA_11context_mcp8indexing7serviceNtB4_15IndexingService20index_files_parallel0B8_
FN:407,_RNCNvMNtNtCsbzaEwEzTUoA_11context_mcp8indexing7serviceNtB4_15IndexingService9get_stats0B8_
FN:707,_RNvNtNtNtCsbzaEwEzTUoA_11context_mcp8indexing7service5tests19create_test_service
FN:956,_RNvNtNtNtCsbzaEwEzTUoA_11context_mcp8indexing7service5testss_14test_get_stats
FN:1259,_RNvNtNtNtCsbzaEwEzTUoA_11context_mcp8indexing7service5testss_15test_clone_refs
FN:982,_RNvNtNtNtCsbzaEwEzTUoA_11context_mcp8indexing7service5testss_16test_clear_index
FN:603,_RNvNtNtNtCsbzaEwEzTUoA_11context_mcp8indexing7service5testss_22test_index_error_types
FN:1146,_RNvNtNtNtCsbzaEwEzTUoA_11context_mcp8indexing7service5testss_22test_index_file_python
FN:719,_RNvNtNtNtCsbzaEwEzTUoA_11context_mcp8indexing7service5testss_23test_index_file_success
FN:1243,_RNvNtNtNtCsbzaEwEzTUoA_11context_mcp8indexing7service5testss_24test_index_stats_summary
FN:496,_RNvNtNtNtCsbzaEwEzTUoA_11context_mcp8indexing7service5testss_25test_index_config_builder
FN:762,_RNvNtNtNtCsbzaEwEzTUoA_11context_mcp8indexing7service5testss_25test_index_file_not_found
FN:908,_RNvNtNtNtCsbzaEwEzTUoA_11context_mcp8indexing7service5testss_25test_index_files_parallel
FN:1021,_RNvNtNtNtCsbzaEwEzTUoA_11context_mcp8indexing7service5testss_25test_with_collection_name
FN:488,_RNvNtNtNtCsbzaEwEzTUoA_11context_mcp8indexing7service5testss_26test_index_config_creation
FN:885,_RNvNtNtNtCsbzaEwEzTUoA_11context_mcp8indexing7service5testss_26test_index_file_no_symbols
FN:1194,_RNvNtNtNtCsbzaEwEzTUoA_11context_mcp8indexing7service5testss_26test_index_file_typescript
FN:641,_RNvNtNtNtCsbzaEwEzTUoA_11context_mcp8indexing7service5testss_26test_index_progress_report
FN:548,_RNvNtNtNtCsbzaEwEzTUoA_11context_mcp8indexing7service5testss_26test_index_result_creation
FN:781,_RNvNtNtNtCsbzaEwEzTUoA_11context_mcp8indexing7service5testss_27test_index_file_parse_error
FN:584,_RNvNtNtNtCsbzaEwEzTUoA_11context_mcp8indexing7service5testss_28test_file_index_result_error
FN:1099,_RNvNtNtNtCsbzaEwEzTUoA_11context_mcp8indexing7service5testss_28test_index_files_with_errors
FN:618,_RNvNtNtNtCsbzaEwEzTUoA_11context_mcp8indexing7service5testss_28test_index_progress_tracking
FN:839,_RNvNtNtNtCsbzaEwEzTUoA_11context_mcp8indexing7service5testss_29test_index_file_storage_error
FN:685,_RNvNtNtNtCsbzaEwEzTUoA_11context_mcp8indexing7service5testss_29test_index_result_with_errors
FN:569,_RNvNtNtNtCsbzaEwEzTUoA_11context_mcp8indexing7service5testss_30test_file_index_result_success
FN:1269,_RNvNtNtNtCsbzaEwEzTUoA_11context_mcp8indexing7service5testss_30test_index_file_with_docstring
FN:803,_RNvNtNtNtCsbzaEwEzTUoA_11context_mcp8indexing7service5testss_31test_index_file_embedding_error
FN:667,_RNvNtNtNtCsbzaEwEzTUoA_11context_mcp8indexing7service5testss_31test_index_result_from_progress
FN:1031,_RNvNtNtNtCsbzaEwEzTUoA_11context_mcp8indexing7service5testss_32test_index_file_multiple_symbols
FN:1078,_RNvNtNtNtCsbzaEwEzTUoA_11context_mcp8indexing7service5testss_34test_index_project_empty_directory
FN:655,_RNvNtNtNtCsbzaEwEzTUoA_11context_mcp8indexing7service5testss_34test_scan_config_from_index_config
FN:1317,_RNvNtNtNtCsbzaEwEzTUoA_11context_mcp8indexing7service5testss_35test_index_project_with_scan_config
FN:508,_RNvNtNtNtCsbzaEwEzTUoA_11context_mcp8indexing7service5testss_37test_index_progress_atomic_operations
FN:1003,_RNvNtNtNtCsbzaEwEzTUoA_11context_mcp8indexing7service5testss_38test_clear_index_collection_not_exists
FN:530,_RNvNtNtNtCsbzaEwEzTUoA_11context_mcp8indexing7service5testss_47test_integration_indexing_service_full_workflow
FN:1171,_RNCNCNCNvNtNtNtCsbzaEwEzTUoA_11context_mcp8indexing7service5testss_22test_index_file_python000Bd_
FN:738,_RNCNCNCNvNtNtNtCsbzaEwEzTUoA_11context_mcp8indexing7service5testss_23test_index_file_success000Bd_
FN:927,_RNCNCNCNvNtNtNtCsbzaEwEzTUoA_11context_mcp8indexing7service5testss_25test_index_files_parallel0s_00Bd_
FN:1221,_RNCNCNCNvNtNtNtCsbzaEwEzTUoA_11context_mcp8indexing7service5testss_26test_index_file_typescript000Bd_
FN:1118,_RNCNCNCNvNtNtNtCsbzaEwEzTUoA_11context_mcp8indexing7service5testss_28test_index_files_with_errors000Bd_
FN:858,_RNCNCNCNvNtNtNtCsbzaEwEzTUoA_11context_mcp8indexing7service5testss_29test_index_file_storage_error000Bd_
FN:1294,_RNCNCNCNvNtNtNtCsbzaEwEzTUoA_11context_mcp8indexing7service5testss_30test_index_file_with_docstring000Bd_
FN:1054,_RNCNCNCNvNtNtNtCsbzaEwEzTUoA_11context_mcp8indexing7service5testss_32test_index_file_multiple_symbols000Bd_
FN:1335,_RNCNCNCNvNtNtNtCsbzaEwEzTUoA_11context_mcp8indexing7service5testss_35test_index_project_with_scan_config000Bd_
FN:964,_RNCNCNvNtNtNtCsbzaEwEzTUoA_11context_mcp8indexing7service5testss_14test_get_stats00Bb_
FN:994,_RNCNCNvNtNtNtCsbzaEwEzTUoA_11context_mcp8indexing7service5testss_16test_clear_index0s_0Bb_
FN:1168,_RNCNCNvNtNtNtCsbzaEwEzTUoA_11context_mcp8indexing7service5testss_22test_index_file_python00Bb_
FN:1179,_RNCNCNvNtNtNtCsbzaEwEzTUoA_11context_mcp8indexing7service5testss_22test_index_file_python0s_0Bb_
FN:735,_RNCNCNvNtNtNtCsbzaEwEzTUoA_11context_mcp8indexing7service5testss_23test_index_file_success00Bb_
FN:746,_RNCNCNvNtNtNtCsbzaEwEzTUoA_11context_mcp8indexing7service5testss_23test_index_file_success0s_0Bb_
FN:912,_RNCNCNvNtNtNtCsbzaEwEzTUoA_11context_mcp8indexing7service5testss_25test_index_files_parallel00Bb_
FN:935,_RNCNCNvNtNtNtCsbzaEwEzTUoA_11context_mcp8indexing7service5testss_25test_index_files_parallel0s0_0Bb_
FN:924,_RNCNCNvNtNtNtCsbzaEwEzTUoA_11context_mcp8indexing7service5testss_25test_index_files_parallel0s_0Bb_
FN:1218,_RNCNCNvNtNtNtCsbzaEwEzTUoA_11context_mcp8indexing7service5testss_26test_index_file_typescript00Bb_
FN:1229,_RNCNCNvNtNtNtCsbzaEwEzTUoA_11context_mcp8indexing7service5testss_26test_index_file_typescript0s_0Bb_
FN:1115,_RNCNCNvNtNtNtCsbzaEwEzTUoA_11context_mcp8indexing7service5testss_28test_index_files_with_errors00Bb_
FN:1126,_RNCNCNvNtNtNtCsbzaEwEzTUoA_11context_mcp8indexing7service5testss_28test_index_files_with_errors0s_0Bb_
FN:855,_RNCNCNvNtNtNtCsbzaEwEzTUoA_11context_mcp8indexing7service5testss_29test_index_file_storage_error00Bb_
FN:866,_RNCNCNvNtNtNtCsbzaEwEzTUoA_11context_mcp8indexing7service5testss_29test_index_file_storage_error0s_0Bb_
FN:1291,_RNCNCNvNtNtNtCsbzaEwEzTUoA_11context_mcp8indexing7service5testss_30test_index_file_with_docstring00Bb_
FN:1302,_RNCNCNvNtNtNtCsbzaEwEzTUoA_11context_mcp8indexing7service5testss_30test_index_file_with_docstring0s_0Bb_
FN:819,_RNCNCNvNtNtNtCsbzaEwEzTUoA_11context_mcp8indexing7service5testss_31test_index_file_embedding_error00Bb_
FN:1051,_RNCNCNvNtNtNtCsbzaEwEzTUoA_11context_mcp8indexing7service5testss_32test_index_file_multiple_symbols00Bb_
FN:1063,_RNCNCNvNtNtNtCsbzaEwEzTUoA_11context_mcp8indexing7service5testss_32test_index_file_multiple_symbols0s0_0Bb_
FN:1062,_RNCNCNvNtNtNtCsbzaEwEzTUoA_11context_mcp8indexing7service5testss_32test_index_file_multiple_symbols0s_0Bb_
FN:1332,_RNCNCNvNtNtNtCsbzaEwEzTUoA_11context_mcp8indexing7service5testss_35test_index_project_with_scan_config00Bb_
FN:1342,_RNCNCNvNtNtNtCsbzaEwEzTUoA_11context_mcp8indexing7service5testss_35test_index_project_with_scan_config0s_0Bb_
FN:956,_RNCNvNtNtNtCsbzaEwEzTUoA_11context_mcp8indexing7service5testss_14test_get_stats0B9_
FN:1259,_RNCNvNtNtNtCsbzaEwEzTUoA_11context_mcp8indexing7service5testss_15test_clone_refs0B9_
FN:982,_RNCNvNtNtNtCsbzaEwEzTUoA_11context_mcp8indexing7service5testss_16test_clear_index0B9_
FN:1146,_RNCNvNtNtNtCsbzaEwEzTUoA_11context_mcp8indexing7service5testss_22test_index_file_python0B9_
FN:719,_RNCNvNtNtNtCsbzaEwEzTUoA_11context_mcp8indexing7service5testss_23test_index_file_success0B9_
FN:1243,_RNCNvNtNtNtCsbzaEwEzTUoA_11context_mcp8indexing7service5testss_24test_index_stats_summary0B9_
FN:762,_RNCNvNtNtNtCsbzaEwEzTUoA_11context_mcp8indexing7service5testss_25test_index_file_not_found0B9_
FN:908,_RNCNvNtNtNtCsbzaEwEzTUoA_11context_mcp8indexing7service5testss_25test_index_files_parallel0B9_
FN:1021,_RNCNvNtNtNtCsbzaEwEzTUoA_11context_mcp8indexing7service5testss_25test_with_collection_name0B9_
FN:885,_RNCNvNtNtNtCsbzaEwEzTUoA_11context_mcp8indexing7service5testss_26test_index_file_no_symbols0B9_
FN:1194,_RNCNvNtNtNtCsbzaEwEzTUoA_11context_mcp8indexing7service5testss_26test_index_file_typescript0B9_
FN:781,_RNCNvNtNtNtCsbzaEwEzTUoA_11context_mcp8indexing7service5testss_27test_index_file_parse_error0B9_
FN:1099,_RNCNvNtNtNtCsbzaEwEzTUoA_11context_mcp8indexing7service5testss_28test_index_files_with_errors0B9_
FN:839,_RNCNvNtNtNtCsbzaEwEzTUoA_11context_mcp8indexing7service5testss_29test_index_file_storage_error0B9_
FN:1269,_RNCNvNtNtNtCsbzaEwEzTUoA_11context_mcp8indexing7service5testss_30test_index_file_with_docstring0B9_
FN:803,_RNCNvNtNtNtCsbzaEwEzTUoA_11context_mcp8indexing7service5testss_31test_index_file_embedding_error0B9_
FN:1031,_RNCNvNtNtNtCsbzaEwEzTUoA_11context_mcp8indexing7service5testss_32test_index_file_multiple_symbols0B9_
FN:1078,_RNCNvNtNtNtCsbzaEwEzTUoA_11context_mcp8indexing7service5testss_34test_index_project_empty_directory0B9_
FN:1317,_RNCNvNtNtNtCsbzaEwEzTUoA_11context_mcp8indexing7service5testss_35test_index_project_with_scan_config0B9_
FN:508,_RNCNvNtNtNtCsbzaEwEzTUoA_11context_mcp8indexing7service5testss_37test_index_progress_atomic_operations0B9_
FN:1003,_RNCNvNtNtNtCsbzaEwEzTUoA_11context_mcp8indexing7service5testss_38test_clear_index_collection_not_exists0B9_
FN:530,_RNCNvNtNtNtCsbzaEwEzTUoA_11context_mcp8indexing7service5testss_47test_integration_indexing_service_full_workflow0B9_
FN:396,_RNvMNtNtCsbzaEwEzTUoA_11context_mcp8indexing7serviceNtB2_15IndexingService10clone_refs
FN:151,_RNvMNtNtCsbzaEwEzTUoA_11context_mcp8indexing7serviceNtB2_15IndexingService10index_file
FN:423,_RNvMNtNtCsbzaEwEzTUoA_11context_mcp8indexing7serviceNtB2_15IndexingService11clear_index
FN:301,_RNvMNtNtCsbzaEwEzTUoA_11context_mcp8indexing7serviceNtB2_15IndexingService11index_files
FN:110,_RNvMNtNtCsbzaEwEzTUoA_11context_mcp8indexing7serviceNtB2_15IndexingService13index_project
FN:82,_RNvMNtNtCsbzaEwEzTUoA_11context_mcp8indexing7serviceNtB2_15IndexingService14new_with_mocks
FN:312,_RNvMNtNtCsbzaEwEzTUoA_11context_mcp8indexing7serviceNtB2_15IndexingService20index_files_parallel
FN:98,_RNvMNtNtCsbzaEwEzTUoA_11context_mcp8indexing7serviceNtB2_15IndexingService20with_collection_name
FN:59,_RNvMNtNtCsbzaEwEzTUoA_11context_mcp8indexing7serviceNtB2_15IndexingService3new
FN:407,_RNvMNtNtCsbzaEwEzTUoA_11context_mcp8indexing7serviceNtB2_15IndexingService9get_stats
FN:461,_RNvMs_NtNtCsbzaEwEzTUoA_11context_mcp8indexing7serviceNtB4_10IndexStats7summary
FNDA:0,_RNCNCNvMNtNtCsbzaEwEzTUoA_11context_mcp8indexing7serviceNtB6_15IndexingService10index_file00Ba_
FNDA:16,_RNCNCNvMNtNtCsbzaEwEzTUoA_11context_mcp8indexing7serviceNtB6_15IndexingService10index_file0s_0Ba_
FNDA:4,_RNCNCNvMNtNtCsbzaEwEzTUoA_11context_mcp8indexing7serviceNtB6_15IndexingService20index_files_parallel00Ba_
FNDA:6,_RNCNCNvMNtNtCsbzaEwEzTUoA_11context_mcp8indexing7serviceNtB6_15IndexingService20index_files_parallel0s_0Ba_
FNDA:16,_RNCNvMNtNtCsbzaEwEzTUoA_11context_mcp8indexing7serviceNtB4_15IndexingService10index_file0B8_
FNDA:2,_RNCNvMNtNtCsbzaEwEzTUoA_11context_mcp8indexing7serviceNtB4_15IndexingService11clear_index0B8_
FNDA:2,_RNCNvMNtNtCsbzaEwEzTUoA_11context_mcp8indexing7serviceNtB4_15IndexingService11index_files0B8_
FNDA:2,_RNCNvMNtNtCsbzaEwEzTUoA_11context_mcp8indexing7serviceNtB4_15IndexingService13index_project0B8_
FNDA:3,_RNCNvMNtNtCsbzaEwEzTUoA_11context_mcp8indexing7serviceNtB4_15IndexingService20index_files_parallel0B8_
FNDA:1,_RNCNvMNtNtCsbzaEwEzTUoA_11context_mcp8indexing7serviceNtB4_15IndexingService9get_stats0B8_
FNDA:19,_RNvNtNtNtCsbzaEwEzTUoA_11context_mcp8indexing7service5tests19create_test_service
FNDA:1,_RNvNtNtNtCsbzaEwEzTUoA_11context_mcp8indexing7service5testss_14test_get_stats
FNDA:1,_RNvNtNtNtCsbzaEwEzTUoA_11context_mcp8indexing7service5testss_15test_clone_refs
FNDA:1,_RNvNtNtNtCsbzaEwEzTUoA_11context_mcp8indexing7service5testss_16test_clear_index
FNDA:1,_RNvNtNtNtCsbzaEwEzTUoA_11context_mcp8indexing7service5testss_22test_index_error_types
FNDA:1,_RNvNtNtNtCsbzaEwEzTUoA_11context_mcp8indexing7service5testss_22test_index_file_python
FNDA:1,_RNvNtNtNtCsbzaEwEzTUoA_11context_mcp8indexing7service5testss_23test_index_file_success
FNDA:1,_RNvNtNtNtCsbzaEwEzTUoA_11context_mcp8indexing7service5testss_24test_index_stats_summary
FNDA:1,_RNvNtNtNtCsbzaEwEzTUoA_11context_mcp8indexing7service5testss_25test_index_config_builder
FNDA:1,_RNvNtNtNtCsbzaEwEzTUoA_11context_mcp8indexing7service5testss_25test_index_file_not_found
FNDA:1,_RNvNtNtNtCsbzaEwEzTUoA_11context_mcp8indexing7service5testss_25test_index_files_parallel
FNDA:1,_RNvNtNtNtCsbzaEwEzTUoA_11context_mcp8indexing7service5testss_25test_with_collection_name
FNDA:1,_RNvNtNtNtCsbzaEwEzTUoA_11context_mcp8indexing7service5testss_26test_index_config_creation
FNDA:1,_RNvNtNtNtCsbzaEwEzTUoA_11context_mcp8indexing7service5testss_26test_index_file_no_symbols
FNDA:1,_RNvNtNtNtCsbzaEwEzTUoA_11context_mcp8indexing7service5testss_26test_index_file_typescript
FNDA:1,_RNvNtNtNtCsbzaEwEzTUoA_11context_mcp8indexing7service5testss_26test_index_progress_report
FNDA:1,_RNvNtNtNtCsbzaEwEzTUoA_11context_mcp8indexing7service5testss_26test_index_result_creation
FNDA:1,_RNvNtNtNtCsbzaEwEzTUoA_11context_mcp8indexing7service5testss_27test_index_file_parse_error
FNDA:1,_RNvNtNtNtCsbzaEwEzTUoA_11context_mcp8indexing7service5testss_28test_file_index_result_error
FNDA:1,_RNvNtNtNtCsbzaEwEzTUoA_11context_mcp8indexing7service5testss_28test_index_files_with_errors
FNDA:1,_RNvNtNtNtCsbzaEwEzTUoA_11context_mcp8indexing7service5testss_28test_index_progress_tracking
FNDA:1,_RNvNtNtNtCsbzaEwEzTUoA_11context_mcp8indexing7service5testss_29test_index_file_storage_error
FNDA:1,_RNvNtNtNtCsbzaEwEzTUoA_11context_mcp8indexing7service5testss_29test_index_result_with_errors
FNDA:1,_RNvNtNtNtCsbzaEwEzTUoA_11context_mcp8indexing7service5testss_30test_file_index_result_success
FNDA:1,_RNvNtNtNtCsbzaEwEzTUoA_11context_mcp8indexing7service5testss_30test_index_file_with_docstring
FNDA:1,_RNvNtNtNtCsbzaEwEzTUoA_11context_mcp8indexing7service5testss_31test_index_file_embedding_error
FNDA:1,_RNvNtNtNtCsbzaEwEzTUoA_11context_mcp8indexing7service5testss_31test_index_result_from_progress
FNDA:1,_RNvNtNtNtCsbzaEwEzTUoA_11context_mcp8indexing7service5testss_32test_index_file_multiple_symbols
FNDA:1,_RNvNtNtNtCsbzaEwEzTUoA_11context_mcp8indexing7service5testss_34test_index_project_empty_directory
FNDA:1,_RNvNtNtNtCsbzaEwEzTUoA_11context_mcp8indexing7service5testss_34test_scan_config_from_index_config
FNDA:1,_RNvNtNtNtCsbzaEwEzTUoA_11context_mcp8indexing7service5testss_35test_index_project_with_scan_config
FNDA:1,_RNvNtNtNtCsbzaEwEzTUoA_11context_mcp8indexing7service5testss_37test_index_progress_atomic_operations
FNDA:1,_RNvNtNtNtCsbzaEwEzTUoA_11context_mcp8indexing7service5testss_38test_clear_index_collection_not_exists
FNDA:0,_RNvNtNtNtCsbzaEwEzTUoA_11context_mcp8indexing7service5testss_47test_integration_indexing_service_full_workflow
FNDA:2,_RNCNCNCNvNtNtNtCsbzaEwEzTUoA_11context_mcp8indexing7service5testss_22test_index_file_python000Bd_
FNDA:1,_RNCNCNCNvNtNtNtCsbzaEwEzTUoA_11context_mcp8indexing7service5testss_23test_index_file_success000Bd_
FNDA:3,_RNCNCNCNvNtNtNtCsbzaEwEzTUoA_11context_mcp8indexing7service5testss_25test_index_files_parallel0s_00Bd_
FNDA:2,_RNCNCNCNvNtNtNtCsbzaEwEzTUoA_11context_mcp8indexing7service5testss_26test_index_file_typescript000Bd_
FNDA:1,_RNCNCNCNvNtNtNtCsbzaEwEzTUoA_11context_mcp8indexing7service5testss_28test_index_files_with_errors000Bd_
FNDA:1,_RNCNCNCNvNtNtNtCsbzaEwEzTUoA_11context_mcp8indexing7service5testss_29test_index_file_storage_error000Bd_
FNDA:1,_RNCNCNCNvNtNtNtCsbzaEwEzTUoA_11context_mcp8indexing7service5testss_30test_index_file_with_docstring000Bd_
FNDA:3,_RNCNCNCNvNtNtNtCsbzaEwEzTUoA_11context_mcp8indexing7service5testss_32test_index_file_multiple_symbols000Bd_
[...]
FNF:39
FNH:0
DA:1587,0
DA:1588,0
DA:1589,0
DA:1590,0
DA:1592,0
DA:1594,0
DA:1595,0
DA:1596,0
DA:1597,0
DA:1598,0
DA:1600,0
DA:1613,0
DA:1614,0
DA:1615,0
DA:1616,0
DA:1618,0
DA:1620,0
DA:1621,0
DA:1622,0
DA:1623,0
DA:1624,0
DA:1626,0
DA:1639,0
DA:1640,0
DA:1641,0
DA:1642,0
DA:1644,0
DA:1646,0
DA:1647,0
DA:1648,0
DA:1649,0
DA:1650,0
DA:1652,0
DA:1665,0
DA:1666,0
DA:1667,0
DA:1668,0
DA:1669,0
DA:1670,0
DA:1671,0
DA:1672,0
DA:1681,0
DA:1682,0
DA:1683,0
DA:1684,0
DA:1723,0
DA:1724,0
DA:1725,0
DA:1726,0
DA:1727,0
DA:1728,0
DA:1729,0
DA:1730,0
DA:1731,0
DA:1732,0
DA:1733,0
DA:1735,0
DA:1736,0
DA:1737,0
DA:1740,0
DA:1741,0
DA:1742,0
DA:1743,0
DA:1744,0
DA:1745,0
DA:1746,0
DA:1747,0
DA:1748,0
DA:1749,0
DA:1750,0
DA:1751,0
DA:1752,0
DA:1754,0
DA:1755,0
DA:1756,0
DA:1759,0
DA:1760,0
DA:1761,0
DA:1762,0
DA:1763,0
DA:1764,0
DA:1765,0
DA:1766,0
DA:1767,0
DA:1768,0
DA:1769,0
DA:1770,0
DA:1771,0
DA:1773,0
DA:1774,0
DA:1775,0
DA:1778,0
DA:1779,0
DA:1780,0
DA:1781,0
DA:1782,0
DA:1783,0
DA:1784,0
DA:1785,0
DA:1786,0
DA:1787,0
DA:1788,0
DA:1789,0
DA:1790,0
DA:1792,0
DA:1793,0
DA:1794,0
DA:1797,0
DA:1798,0
DA:1878,0
DA:1879,0
DA:1880,0
DA:1881,0
DA:1882,0
DA:1883,0
DA:1884,0
DA:1885,0
DA:1886,0
DA:1887,0
DA:1888,0
DA:1890,0
DA:1891,0
DA:1892,0
DA:1895,0
DA:1896,0
DA:1897,0
DA:1898,0
DA:1899,0
DA:1900,0
DA:1901,0
DA:1902,0
DA:1903,0
DA:1904,0
DA:1905,0
DA:1906,0
DA:1907,0
DA:1909,0
DA:1910,0
DA:1911,0
DA:1914,0
DA:1915,0
DA:1935,0
DA:1936,0
DA:1937,0
DA:1938,0
DA:1939,0
DA:1940,0
DA:1941,0
DA:1942,0
DA:1943,0
DA:1944,0
DA:1945,0
DA:1947,0
DA:1948,0
DA:1949,0
DA:1952,0
DA:1953,0
DA:2188,0
DA:2189,0
DA:2190,0
DA:2191,0
DA:2192,0
DA:2193,0
DA:2194,0
DA:2195,0
DA:2196,0
DA:2197,0
DA:2198,0
DA:2200,0
DA:2201,0
DA:2202,0
DA:2205,0
DA:2206,0
DA:2226,0
DA:2227,0
DA:2228,0
DA:2229,0
DA:2230,0
DA:2231,0
DA:2232,0
DA:2233,0
DA:2234,0
DA:2235,0
DA:2236,0
DA:2238,0
DA:2239,0
DA:2240,0
DA:2243,0
DA:2244,0
DA:2245,0
DA:2246,0
DA:2247,0
DA:2248,0
DA:2249,0
DA:2250,0
DA:2251,0
DA:2252,0
DA:2253,0
DA:2254,0
DA:2255,0
DA:2257,0
DA:2258,0
DA:2259,0
DA:2262,0
DA:2263,0
BRF:0
BRH:0
LF:235
LH:0
end_of_record
SF:/home/tsk/sync/git/lsp_mcp/vendor/milvus-patched/src/proto/milvus.proto.schema.rs
FN:207,_RNvMNtNtCshQxKulRWkJb_6milvus5proto6schemaNtB2_8DataType11as_str_name
FN:224,_RNvMNtNtCshQxKulRWkJb_6milvus5proto6schemaNtB2_8DataType13from_str_name
FNDA:0,_RNvMNtNtCshQxKulRWkJb_6milvus5proto6schemaNtB2_8DataType11as_str_name
FNDA:0,_RNvMNtNtCshQxKulRWkJb_6milvus5proto6schemaNtB2_8DataType13from_str_name
FNF:2
FNH:0
DA:207,0
DA:208,0
DA:209,0
DA:210,0
DA:211,0
DA:212,0
DA:213,0
DA:214,0
DA:215,0
DA:216,0
DA:217,0
DA:218,0
DA:219,0
DA:220,0
DA:222,0
DA:224,0
DA:225,0
DA:226,0
DA:227,0
DA:228,0
DA:229,0
DA:230,0
DA:231,0
DA:232,0
DA:233,0
DA:234,0
DA:235,0
DA:236,0
DA:237,0
DA:238,0
DA:240,0
BRF:0
BRH:0
LF:31
LH:0
end_of_record
SF:/home/tsk/sync/git/lsp_mcp/vendor/milvus-patched/src/schema.rs
FN:481,_RNCNvMs3_NtCshQxKulRWkJb_6milvus6schemaNtB7_16CollectionSchema12vector_field0CsbzaEwEzTUoA_11context_mcp
FN:109,_RNCNvYNtNtNtCsbzaEwEzTUoA_11context_mcp7storage13milvus_client22CodeVectorSearchResultNtNtCshQxKulRWkJb_6milvus6schema10Collection9iter_rows0Ba_
FN:20,_RNvYNtNtNtCsbzaEwEzTUoA_11context_mcp7storage13milvus_client16CodeVectorEntityNtNtCshQxKulRWkJb_6milvus6schema6Entity6schemaB8_
FN:108,_RNvYNtNtNtCsbzaEwEzTUoA_11context_mcp7storage13milvus_client22CodeVectorSearchResultNtNtCshQxKulRWkJb_6milvus6schema10Collection9iter_rowsB8_
FN:148,_RNvMNtCshQxKulRWkJb_6milvus6schemaNtB2_11FieldSchema13estimate_sizeCsbzaEwEzTUoA_11context_mcp
FN:478,_RNvMs3_NtCshQxKulRWkJb_6milvus6schemaNtB5_16CollectionSchema12vector_fieldCsbzaEwEzTUoA_11context_mcp
FN:174,_RNCNvXs0_NtCshQxKulRWkJb_6milvus6schemaNtB7_11FieldSchemaINtNtCs4Vq2ZLagKfv_4core7convert4FromRNtNtNtB9_5proto6schema11FieldSchemaE4from0B9_
FN:175,_RNCNvXs0_NtCshQxKulRWkJb_6milvus6schemaNtB7_11FieldSchemaINtNtCs4Vq2ZLagKfv_4core7convert4FromRNtNtNtB9_5proto6schema11FieldSchemaE4froms_0B9_
FN:134,_RNvMNtCshQxKulRWkJb_6milvus6schemaNtB2_11FieldSchema13const_default
FN:339,_RNvMs1_NtCshQxKulRWkJb_6milvus6schemaNtB5_11FieldSchema10new_double
FN:355,_RNvMs1_NtCshQxKulRWkJb_6milvus6schemaNtB5_11FieldSchema10new_string
FN:371,_RNvMs1_NtCshQxKulRWkJb_6milvus6schemaNtB5_11FieldSchema11new_varchar
FN:411,_RNvMs1_NtCshQxKulRWkJb_6milvus6schemaNtB5_11FieldSchema16new_float_vector
FN:391,_RNvMs1_NtCshQxKulRWkJb_6milvus6schemaNtB5_11FieldSchema17new_binary_vector
FN:282,_RNvMs1_NtCshQxKulRWkJb_6milvus6schemaNtB5_11FieldSchema17new_primary_int64
FN:302,_RNvMs1_NtCshQxKulRWkJb_6milvus6schemaNtB5_11FieldSchema19new_primary_varchar
FN:202,_RNvMs1_NtCshQxKulRWkJb_6milvus6schemaNtB5_11FieldSchema8new_bool
FN:218,_RNvMs1_NtCshQxKulRWkJb_6milvus6schemaNtB5_11FieldSchema8new_int8
FN:323,_RNvMs1_NtCshQxKulRWkJb_6milvus6schemaNtB5_11FieldSchema9new_float
FN:234,_RNvMs1_NtCshQxKulRWkJb_6milvus6schemaNtB5_11FieldSchema9new_int16
FN:250,_RNvMs1_NtCshQxKulRWkJb_6milvus6schemaNtB5_11FieldSchema9new_int32
FN:266,_RNvMs1_NtCshQxKulRWkJb_6milvus6schemaNtB5_11FieldSchema9new_int64
FN:473,_RNvMs3_NtCshQxKulRWkJb_6milvus6schemaNtB5_16CollectionSchema14primary_columnB7_
FN:468,_RNvMs3_NtCshQxKulRWkJb_6milvus6schemaNtB5_16CollectionSchema7auto_idB7_
FN:484,_RNvMs3_NtCshQxKulRWkJb_6milvus6schemaNtB5_16CollectionSchema8validate
FN:572,_RNvMs6_NtCshQxKulRWkJb_6milvus6schemaNtB5_23CollectionSchemaBuilder14enable_auto_id
FN:529,_RNvMs6_NtCshQxKulRWkJb_6milvus6schemaNtB5_23CollectionSchemaBuilder3new
FN:589,_RNvMs6_NtCshQxKulRWkJb_6milvus6schemaNtB5_23CollectionSchemaBuilder5build
FN:537,_RNvMs6_NtCshQxKulRWkJb_6milvus6schemaNtB5_23CollectionSchemaBuilder9add_field
FN:170,_RNvXs0_NtCshQxKulRWkJb_6milvus6schemaNtB5_11FieldSchemaINtNtCs4Vq2ZLagKfv_4core7convert4FromRNtNtNtB7_5proto6schema11FieldSchemaE4from
FN:508,_RNvXs5_NtCshQxKulRWkJb_6milvus6schemaNtB5_16CollectionSchemaINtNtCs4Vq2ZLagKfv_4core7convert4FromRNtNtNtB7_5proto6schema16CollectionSchemaE4from
FN:164,_RNvXs_NtCshQxKulRWkJb_6milvus6schemaNtB4_11FieldSchemaNtNtCs4Vq2ZLagKfv_4core7default7Default7default
FN:433,_RNvXs2_NtCshQxKulRWkJb_6milvus6schemaNtNtNtB7_5proto6schema11FieldSchemaINtNtCs4Vq2ZLagKfv_4core7convert4FromNtB5_11FieldSchemaE4from
FN:492,_RNvXs4_NtCshQxKulRWkJb_6milvus6schemaNtNtNtB7_5proto6schema16CollectionSchemaINtNtCs4Vq2ZLagKfv_4core7convert4FromNtB5_16CollectionSchemaE4from
FNDA:0,_RNCNvMs3_NtCshQxKulRWkJb_6milvus6schemaNtB7_16CollectionSchema12vector_field0CsbzaEwEzTUoA_11context_mcp
FNDA:0,_RNCNvYNtNtNtCsbzaEwEzTUoA_11context_mcp7storage13milvus_client22CodeVectorSearchResultNtNtCshQxKulRWkJb_6milvus6schema10Collection9iter_rows0Ba_
FNDA:0,_RNvYNtNtNtCsbzaEwEzTUoA_11context_mcp7storage13milvus_client16CodeVectorEntityNtNtCshQxKulRWkJb_6milvus6schema6Entity6schemaB8_
FNDA:0,_RNvYNtNtNtCsbzaEwEzTUoA_11context_mcp7storage13milvus_client22CodeVectorSearchResultNtNtCshQxKulRWkJb_6milvus6schema10Collection9iter_rowsB8_
FNDA:0,_RNvMNtCshQxKulRWkJb_6milvus6schemaNtB2_11FieldSchema13estimate_sizeCsbzaEwEzTUoA_11context_mcp
FNDA:0,_RNvMs3_NtCshQxKulRWkJb_6milvus6schemaNtB5_16CollectionSchema12vector_fieldCsbzaEwEzTUoA_11context_mcp
FNDA:0,_RNCNvXs0_NtCshQxKulRWkJb_6milvus6schemaNtB7_11FieldSchemaINtNtCs4Vq2ZLagKfv_4core7convert4FromRNtNtNtB9_5proto6schema11FieldSchemaE4from0B9_
FNDA:0,_RNCNvXs0_NtCshQxKulRWkJb_6milvus6schemaNtB7_11FieldSchemaINtNtCs4Vq2ZLagKfv_4core7convert4FromRNtNtNtB9_5proto6schema11FieldSchemaE4froms_0B9_
FNDA:0,_RNvMNtCshQxKulRWkJb_6milvus6schemaNtB2_11FieldSchema13const_default
FNDA:0,_RNvMs1_NtCshQxKulRWkJb_6milvus6schemaNtB5_11FieldSchema10new_double
FNDA:0,_RNvMs1_NtCshQxKulRWkJb_6milvus6schemaNtB5_11FieldSchema10new_string
FNDA:0,_RNvMs1_NtCshQxKulRWkJb_6milvus6schemaNtB5_11FieldSchema11new_varchar
FNDA:0,_RNvMs1_NtCshQxKulRWkJb_6milvus6schemaNtB5_11FieldSchema16new_float_vector
FNDA:0,_RNvMs1_NtCshQxKulRWkJb_6milvus6schemaNtB5_11FieldSchema17new_binary_vector
FNDA:0,_RNvMs1_NtCshQxKulRWkJb_6milvus6schemaNtB5_11FieldSchema17new_primary_int64
FNDA:0,_RNvMs1_NtCshQxKulRWkJb_6milvus6schemaNtB5_11FieldSchema19new_primary_varchar
FNDA:0,_RNvMs1_NtCshQxKulRWkJb_6milvus6schemaNtB5_11FieldSchema8new_bool
FNDA:0,_RNvMs1_NtCshQxKulRWkJb_6milvus6schemaNtB5_11FieldSchema8new_int8
FNDA:0,_RNvMs1_NtCshQxKulRWkJb_6milvus6schemaNtB5_11FieldSchema9new_float
FNDA:0,_RNvMs1_NtCshQxKulRWkJb_6milvus6schemaNtB5_11FieldSchema9new_int16
FNDA:0,_RNvMs1_NtCshQxKulRWkJb_6milvus6schemaNtB5_11FieldSchema9new_int32
FNDA:0,_RNvMs1_NtCshQxKulRWkJb_6milvus6schemaNtB5_11FieldSchema9new_int64
FNDA:0,_RNvMs3_NtCshQxKulRWkJb_6milvus6schemaNtB5_16CollectionSchema14primary_columnB7_
FNDA:0,_RNvMs3_NtCshQxKulRWkJb_6milvus6schemaNtB5_16CollectionSchema7auto_idB7_
FNDA:0,_RNvMs3_NtCshQxKulRWkJb_6milvus6schemaNtB5_16CollectionSchema8validate
FNDA:0,_RNvMs6_NtCshQxKulRWkJb_6milvus6schemaNtB5_23CollectionSchemaBuilder14enable_auto_id
FNDA:0,_RNvMs6_NtCshQxKulRWkJb_6milvus6schemaNtB5_23CollectionSchemaBuilder3new
FNDA:0,_RNvMs6_NtCshQxKulRWkJb_6milvus6schemaNtB5_23CollectionSchemaBuilder5build
FNDA:0,_RNvMs6_NtCshQxKulRWkJb_6milvus6schemaNtB5_23CollectionSchemaBuilder9add_field
FNDA:0,_RNvXs0_NtCshQxKulRWkJb_6milvus6schemaNtB5_11FieldSchemaINtNtCs4Vq2ZLagKfv_4core7convert4FromRNtNtNtB7_5proto6schema11FieldSchemaE4from
FNDA:0,_RNvXs5_NtCshQxKulRWkJb_6milvus6schemaNtB5_16CollectionSchemaINtNtCs4Vq2ZLagKfv_4core7convert4FromRNtNtNtB7_5proto6schema16CollectionSchemaE4from
FNDA:0,_RNvXs_NtCshQxKulRWkJb_6milvus6schemaNtB4_11FieldSchemaNtNtCs4Vq2ZLagKfv_4core7default7Default7default
FNDA:0,_RNvXs2_NtCshQxKulRWkJb_6milvus6schemaNtNtNtB7_5proto6schema11FieldSchemaINtNtCs4Vq2ZLagKfv_4core7convert4FromNtB5_11FieldSchemaE4from
FNDA:0,_RNvXs4_NtCshQxKulRWkJb_6milvus6schemaNtNtNtB7_5proto6schema16CollectionSchemaINtNtCs4Vq2ZLagKfv_4core7convert4FromNtB5_16CollectionSchemaE4from
FNF:34
FNH:0
DA:20,0
DA:21,0
DA:22,0
DA:23,0
DA:24,0
DA:25,0
DA:26,0
DA:108,0
DA:109,0
DA:110,0
DA:134,0
DA:135,0
DA:136,0
DA:137,0
DA:138,0
DA:139,0
DA:140,0
DA:141,0
DA:142,0
DA:143,0
DA:144,0
DA:145,0
DA:148,0
DA:149,0
DA:150,0
DA:151,0
DA:152,0
DA:153,0
DA:154,0
DA:155,0
DA:156,0
DA:157,0
DA:158,0
DA:160,0
DA:164,0
DA:165,0
DA:166,0
DA:170,0
DA:171,0
DA:172,0
DA:173,0
DA:174,0
DA:175,0
DA:176,0
DA:178,0
DA:181,0
DA:182,0
DA:183,0
DA:185,0
DA:187,0
DA:188,0
DA:189,0
DA:191,0
DA:192,0
DA:193,0
DA:194,0
DA:195,0
DA:196,0
DA:198,0
DA:202,0
DA:204,0
DA:205,0
DA:206,0
DA:207,0
DA:209,0
DA:216,0
DA:218,0
DA:220,0
DA:221,0
DA:222,0
DA:223,0
DA:225,0
DA:232,0
DA:234,0
DA:236,0
DA:237,0
DA:238,0
DA:239,0
DA:241,0
DA:248,0
DA:250,0
DA:252,0
DA:253,0
DA:254,0
DA:255,0
DA:257,0
DA:264,0
DA:266,0
DA:268,0
DA:269,0
DA:270,0
DA:271,0
DA:273,0
DA:280,0
DA:282,0
DA:283,0
DA:284,0
DA:285,0
DA:286,0
DA:288,0
DA:289,0
DA:290,0
DA:291,0
DA:293,0
DA:295,0
DA:300,0
DA:302,0
DA:303,0
DA:304,0
DA:305,0
DA:306,0
DA:307,0
DA:309,0
DA:310,0
DA:311,0
DA:312,0
DA:314,0
DA:316,0
DA:317,0
DA:321,0
DA:323,0
DA:325,0
DA:326,0
DA:327,0
DA:328,0
DA:330,0
DA:337,0
DA:339,0
DA:341,0
DA:342,0
DA:343,0
DA:344,0
DA:346,0
DA:353,0
DA:355,0
DA:357,0
DA:358,0
DA:359,0
DA:360,0
DA:362,0
DA:369,0
DA:371,0
DA:372,0
DA:373,0
DA:374,0
DA:377,0
DA:378,0
DA:379,0
DA:380,0
DA:382,0
DA:383,0
DA:389,0
DA:391,0
DA:392,0
DA:393,0
DA:394,0
DA:397,0
DA:398,0
DA:399,0
DA:400,0
DA:402,0
DA:403,0
DA:404,0
DA:409,0
DA:411,0
DA:412,0
DA:413,0
DA:414,0
DA:417,0
DA:418,0
DA:419,0
DA:420,0
DA:422,0
DA:423,0
DA:424,0
DA:429,0
DA:433,0
DA:434,0
DA:435,0
DA:436,0
DA:437,0
DA:438,0
DA:439,0
DA:440,0
DA:441,0
DA:442,0
DA:443,0
DA:446,0
DA:447,0
DA:448,0
DA:449,0
DA:450,0
DA:451,0
DA:452,0
DA:453,0
DA:454,0
DA:455,0
DA:456,0
DA:468,0
DA:469,0
DA:470,0
DA:473,0
DA:474,0
DA:475,0
DA:478,0
DA:479,0
DA:480,0
DA:481,0
DA:482,0
DA:484,0
DA:485,0
DA:487,0
DA:488,0
DA:492,0
DA:493,0
DA:494,0
DA:495,0
DA:496,0
DA:497,0
DA:498,0
DA:499,0
DA:500,0
DA:501,0
DA:502,0
DA:503,0
DA:504,0
DA:508,0
DA:510,0
DA:511,0
DA:512,0
DA:513,0
DA:515,0
DA:518,0
DA:529,0
DA:530,0
DA:531,0
DA:532,0
DA:533,0
DA:534,0
DA:535,0
DA:537,0
DA:538,0
DA:539,0
DA:540,0
DA:572,0
DA:573,0
DA:574,0
DA:575,0
DA:576,0
DA:577,0
DA:579,0
DA:580,0
DA:581,0
DA:583,0
DA:586,0
DA:587,0
DA:589,0
DA:590,0
DA:592,0
DA:593,0
DA:594,0
DA:595,0
DA:596,0
DA:599,0
DA:600,0
DA:601,0
DA:603,0
DA:605,0
DA:606,0
DA:607,0
DA:608,0
DA:609,0
DA:610,0
BRF:0
BRH:0
LF:277
LH:0
end_of_record
SF:/home/tsk/sync/git/lsp_mcp/vendor/milvus-patched/src/utils.rs
FN:15,_RNvNtCshQxKulRWkJb_6milvus5utils16status_to_result
FN:6,_RNvNtCshQxKulRWkJb_6milvus5utils7new_msg
FNDA:0,_RNvNtCshQxKulRWkJb_6milvus5utils16status_to_result
FNDA:0,_RNvNtCshQxKulRWkJb_6milvus5utils7new_msg
FNF:2
FNH:0
DA:6,0
DA:7,0
DA:8,0
DA:9,0
DA:10,0
DA:11,0
DA:12,0
DA:13,0
DA:15,0
DA:16,0
DA:18,0
DA:19,0
DA:20,0
DA:21,0
DA:23,0
DA:25,0
BRF:0
BRH:0
LF:16
LH:0
end_of_record
SF:/home/tsk/sync/git/lsp_mcp/vendor/milvus-patched/src/value.rs
FN:42,_RNvMNtCshQxKulRWkJb_6milvus5valueNtB2_5Value9data_type
FN:157,_RNvMs7_NtCshQxKulRWkJb_6milvus5valueNtB5_8ValueVec11check_dtype
FN:180,_RNvMs7_NtCshQxKulRWkJb_6milvus5valueNtB5_8ValueVec3len
FN:140,_RNvMs7_NtCshQxKulRWkJb_6milvus5valueNtB5_8ValueVec3new
FN:193,_RNvMs7_NtCshQxKulRWkJb_6milvus5valueNtB5_8ValueVec5clear
FN:66,_RNvXs0_NtCshQxKulRWkJb_6milvus5valueNtB5_5ValueINtNtCs4Vq2ZLagKfv_4core7convert4FromReE4from
FN:72,_RNvXs1_NtCshQxKulRWkJb_6milvus5valueNtB5_5ValueINtNtCs4Vq2ZLagKfv_4core7convert4FromRShE4from
FN:78,_RNvXs2_NtCshQxKulRWkJb_6milvus5valueNtB5_5ValueINtNtCs4Vq2ZLagKfv_4core7convert4FromINtNtCs456UZznmu7y_5alloc3vec3VechEE4from
FN:84,_RNvXs3_NtCshQxKulRWkJb_6milvus5valueNtB5_5ValueINtNtCs4Vq2ZLagKfv_4core7convert4FromRSfE4from
FN:90,_RNvXs4_NtCshQxKulRWkJb_6milvus5valueNtB5_5ValueINtNtCs4Vq2ZLagKfv_4core7convert4FromINtNtCs456UZznmu7y_5alloc3vec3VecfEE4from
FN:128,_RNvXs5_NtCshQxKulRWkJb_6milvus5valueNtB5_8ValueVecINtNtCs4Vq2ZLagKfv_4core7convert4FromINtNtCs456UZznmu7y_5alloc3vec3VecaEE4from
FN:134,_RNvXs6_NtCshQxKulRWkJb_6milvus5valueNtB5_8ValueVecINtNtCs4Vq2ZLagKfv_4core7convert4FromINtNtCs456UZznmu7y_5alloc3vec3VecsEE4from
FN:208,_RNvXs8_NtCshQxKulRWkJb_6milvus5valueNtB5_8ValueVecINtNtCs4Vq2ZLagKfv_4core7convert4FromNtNtNtNtB7_5proto6schema10field_data5FieldE4from
FN:24,_RNvXs9_NtCshQxKulRWkJb_6milvus5valueNtB5_5ValueINtNtCs4Vq2ZLagKfv_4core7convert4FrombE4from
FN:60,_RNvXs_NtCshQxKulRWkJb_6milvus5valueNtB4_5ValueINtNtCs4Vq2ZLagKfv_4core7convert4FromNtNtCs456UZznmu7y_5alloc6string6StringE4from
FN:24,_RNvXsa_NtCshQxKulRWkJb_6milvus5valueNtB5_5ValueINtNtCs4Vq2ZLagKfv_4core7convert4FromaE4from
FN:24,_RNvXsb_NtCshQxKulRWkJb_6milvus5valueNtB5_5ValueINtNtCs4Vq2ZLagKfv_4core7convert4FromsE4from
FN:24,_RNvXsc_NtCshQxKulRWkJb_6milvus5valueNtB5_5ValueINtNtCs4Vq2ZLagKfv_4core7convert4FromlE4from
FN:24,_RNvXsd_NtCshQxKulRWkJb_6milvus5valueNtB5_5ValueINtNtCs4Vq2ZLagKfv_4core7convert4FromxE4from
FN:24,_RNvXse_NtCshQxKulRWkJb_6milvus5valueNtB5_5ValueINtNtCs4Vq2ZLagKfv_4core7convert4FromfE4from
FN:24,_RNvXsf_NtCshQxKulRWkJb_6milvus5valueNtB5_5ValueINtNtCs4Vq2ZLagKfv_4core7convert4FromdE4from
FN:110,_RNvXsi_NtCshQxKulRWkJb_6milvus5valueNtB5_8ValueVecINtNtCs4Vq2ZLagKfv_4core7convert4FromINtNtCs456UZznmu7y_5alloc3vec3VecbEE4from
FN:110,_RNvXsj_NtCshQxKulRWkJb_6milvus5valueNtB5_8ValueVecINtNtCs4Vq2ZLagKfv_4core7convert4FromINtNtCs456UZznmu7y_5alloc3vec3VeclEE4from
FN:110,_RNvXsk_NtCshQxKulRWkJb_6milvus5valueNtB5_8ValueVecINtNtCs4Vq2ZLagKfv_4core7convert4FromINtNtCs456UZznmu7y_5alloc3vec3VecxEE4from
FN:110,_RNvXsl_NtCshQxKulRWkJb_6milvus5valueNtB5_8ValueVecINtNtCs4Vq2ZLagKfv_4core7convert4FromINtNtCs456UZznmu7y_5alloc3vec3VecNtNtB1s_6string6StringEE4from
FN:110,_RNvXsm_NtCshQxKulRWkJb_6milvus5valueNtB5_8ValueVecINtNtCs4Vq2ZLagKfv_4core7convert4FromINtNtCs456UZznmu7y_5alloc3vec3VechEE4from
FN:110,_RNvXsn_NtCshQxKulRWkJb_6milvus5valueNtB5_8ValueVecINtNtCs4Vq2ZLagKfv_4core7convert4FromINtNtCs456UZznmu7y_5alloc3vec3VecfEE4from
FN:110,_RNvXso_NtCshQxKulRWkJb_6milvus5valueNtB5_8ValueVecINtNtCs4Vq2ZLagKfv_4core7convert4FromINtNtCs456UZznmu7y_5alloc3vec3VecdEE4from
FNDA:0,_RNvMNtCshQxKulRWkJb_6milvus5valueNtB2_5Value9data_type
FNDA:0,_RNvMs7_NtCshQxKulRWkJb_6milvus5valueNtB5_8ValueVec11check_dtype
FNDA:0,_RNvMs7_NtCshQxKulRWkJb_6milvus5valueNtB5_8ValueVec3len
FNDA:0,_RNvMs7_NtCshQxKulRWkJb_6milvus5valueNtB5_8ValueVec3new
FNDA:0,_RNvMs7_NtCshQxKulRWkJb_6milvus5valueNtB5_8ValueVec5clear
FNDA:0,_RNvXs0_NtCshQxKulRWkJb_6milvus5valueNtB5_5ValueINtNtCs4Vq2ZLagKfv_4core7convert4FromReE4from
FNDA:0,_RNvXs1_NtCshQxKulRWkJb_6milvus5valueNtB5_5ValueINtNtCs4Vq2ZLagKfv_4core7convert4FromRShE4from
FNDA:0,_RNvXs2_NtCshQxKulRWkJb_6milvus5valueNtB5_5ValueINtNtCs4Vq2ZLagKfv_4core7convert4FromINtNtCs456UZznmu7y_5alloc3vec3VechEE4from
FNDA:0,_RNvXs3_NtCshQxKulRWkJb_6milvus5valueNtB5_5ValueINtNtCs4Vq2ZLagKfv_4core7convert4FromRSfE4from
FNDA:0,_RNvXs4_NtCshQxKulRWkJb_6milvus5valueNtB5_5ValueINtNtCs4Vq2ZLagKfv_4core7convert4FromINtNtCs456UZznmu7y_5alloc3vec3VecfEE4from
FNDA:0,_RNvXs5_NtCshQxKulRWkJb_6milvus5valueNtB5_8ValueVecINtNtCs4Vq2ZLagKfv_4core7convert4FromINtNtCs456UZznmu7y_5alloc3vec3VecaEE4from
FNDA:0,_RNvXs6_NtCshQxKulRWkJb_6milvus5valueNtB5_8ValueVecINtNtCs4Vq2ZLagKfv_4core7convert4FromINtNtCs456UZznmu7y_5alloc3vec3VecsEE4from
FNDA:0,_RNvXs8_NtCshQxKulRWkJb_6milvus5valueNtB5_8ValueVecINtNtCs4Vq2ZLagKfv_4core7convert4FromNtNtNtNtB7_5proto6schema10field_data5FieldE4from
FNDA:0,_RNvXs9_NtCshQxKulRWkJb_6milvus5valueNtB5_5ValueINtNtCs4Vq2ZLagKfv_4core7convert4FrombE4from
FNDA:0,_RNvXs_NtCshQxKulRWkJb_6milvus5valueNtB4_5ValueINtNtCs4Vq2ZLagKfv_4core7convert4FromNtNtCs456UZznmu7y_5alloc6string6StringE4from
FNDA:0,_RNvXsa_NtCshQxKulRWkJb_6milvus5valueNtB5_5ValueINtNtCs4Vq2ZLagKfv_4core7convert4FromaE4from
FNDA:0,_RNvXsb_NtCshQxKulRWkJb_6milvus5valueNtB5_5ValueINtNtCs4Vq2ZLagKfv_4core7convert4FromsE4from
FNDA:0,_RNvXsc_NtCshQxKulRWkJb_6milvus5valueNtB5_5ValueINtNtCs4Vq2ZLagKfv_4core7convert4FromlE4from
FNDA:0,_RNvXsd_NtCshQxKulRWkJb_6milvus5valueNtB5_5ValueINtNtCs4Vq2ZLagKfv_4core7convert4FromxE4from
FNDA:0,_RNvXse_NtCshQxKulRWkJb_6milvus5valueNtB5_5ValueINtNtCs4Vq2ZLagKfv_4core7convert4FromfE4from
FNDA:0,_RNvXsf_NtCshQxKulRWkJb_6milvus5valueNtB5_5ValueINtNtCs4Vq2ZLagKfv_4core7convert4FromdE4from
FNDA:0,_RNvXsi_NtCshQxKulRWkJb_6milvus5valueNtB5_8ValueVecINtNtCs4Vq2ZLagKfv_4core7convert4FromINtNtCs456UZznmu7y_5alloc3vec3VecbEE4from
FNDA:0,_RNvXsj_NtCshQxKulRWkJb_6milvus5valueNtB5_8ValueVecINtNtCs4Vq2ZLagKfv_4core7convert4FromINtNtCs456UZznmu7y_5alloc3vec3VeclEE4from
FNDA:0,_RNvXsk_NtCshQxKulRWkJb_6milvus5valueNtB5_8ValueVecINtNtCs4Vq2ZLagKfv_4core7convert4FromINtNtCs456UZznmu7y_5alloc3vec3VecxEE4from
FNDA:0,_RNvXsl_NtCshQxKulRWkJb_6milvus5valueNtB5_8ValueVecINtNtCs4Vq2ZLagKfv_4core7convert4FromINtNtCs456UZznmu7y_5alloc3vec3VecNtNtB1s_6string6StringEE4from
FNDA:0,_RNvXsm_NtCshQxKulRWkJb_6milvus5valueNtB5_8ValueVecINtNtCs4Vq2ZLagKfv_4core7convert4FromINtNtCs456UZznmu7y_5alloc3vec3VechEE4from
FNDA:0,_RNvXsn_NtCshQxKulRWkJb_6milvus5valueNtB5_8ValueVecINtNtCs4Vq2ZLagKfv_4core7convert4FromINtNtCs456UZznmu7y_5alloc3vec3VecfEE4from
FNDA:0,_RNvXso_NtCshQxKulRWkJb_6milvus5valueNtB5_8ValueVecINtNtCs4Vq2ZLagKfv_4core7convert4FromINtNtCs456UZznmu7y_5alloc3vec3VecdEE4from
FNF:16
FNH:0
DA:24,0
DA:25,0
DA:26,0
DA:42,0
DA:43,0
DA:44,0
DA:45,0
DA:46,0
DA:47,0
DA:48,0
DA:49,0
DA:50,0
DA:51,0
DA:52,0
DA:53,0
DA:54,0
DA:56,0
DA:60,0
DA:61,0
DA:62,0
DA:66,0
DA:67,0
DA:68,0
DA:72,0
DA:73,0
DA:74,0
DA:78,0
DA:79,0
DA:80,0
DA:84,0
DA:85,0
DA:86,0
DA:90,0
DA:91,0
DA:92,0
DA:110,0
DA:111,0
DA:112,0
DA:128,0
DA:129,0
DA:130,0
DA:134,0
DA:135,0
DA:136,0
DA:140,0
DA:141,0
DA:142,0
DA:143,0
DA:144,0
DA:145,0
DA:146,0
DA:147,0
DA:148,0
DA:149,0
DA:150,0
DA:151,0
DA:152,0
DA:153,0
DA:155,0
DA:157,0
DA:158,0
DA:170,0
DA:171,0
DA:173,0
DA:180,0
DA:181,0
DA:182,0
DA:183,0
DA:184,0
DA:185,0
DA:186,0
DA:187,0
DA:188,0
DA:189,0
DA:191,0
DA:193,0
DA:194,0
DA:195,0
DA:196,0
DA:197,0
DA:198,0
DA:199,0
DA:200,0
DA:201,0
DA:202,0
DA:204,0
DA:208,0
DA:209,0
DA:210,0
DA:211,0
DA:212,0
DA:213,0
DA:214,0
DA:215,0
DA:216,0
DA:217,0
DA:218,0
DA:220,0
DA:223,0
DA:224,0
DA:225,0
DA:226,0
DA:228,0
DA:231,0
BRF:0
BRH:0
LF:104
LH:0
end_of_record